1 2 0 0
1 3 0 0
1 4 0 0
1 5 0 0
1 6 0 0
1 7 0 0
1 8 0 0
1 9 0 0
1 10 0 0
1 11 0 0
1 12 0 0
1 13 0 0
1 14 0 0
1 15 0 0
1 16 0 0
1 17 0 0
1 18 0 0
1 19 0 0
1 20 0 0
1 21 0 0
1 22 0 0
1 23 0 0
1 24 0 0
1 25 0 0
1 26 0 0
1 27 0 0
1 28 0 0
1 29 0 0
1 30 0 0
1 31 0 0
1 32 0 0
1 33 0 0
1 34 0 0
1 35 0 0
1 36 0 0
1 37 0 0
1 38 0 0
1 39 0 0
1 40 0 0
1 41 0 0
1 42 0 0
1 43 0 0
1 44 0 0
1 45 0 0
1 46 0 0
1 47 0 0
1 48 0 0
1 49 0 0
1 50 0 0
1 51 0 0
1 52 0 0
1 53 0 0
1 54 0 0
1 55 0 0
1 56 0 0
1 57 0 0
1 58 0 0
1 59 0 0
1 60 0 0
1 61 0 0
1 62 0 0
1 63 0 0
1 64 0 0
1 65 0 0
1 66 0 0
1 67 0 0
1 68 0 0
1 69 0 0
1 70 0 0
1 71 0 0
1 72 0 0
1 73 0 0
1 74 0 0
1 75 0 0
1 76 0 0
1 77 0 0
1 78 0 0
1 79 0 0
1 80 0 0
1 81 0 0
1 82 0 0
1 83 0 0
1 84 0 0
1 85 0 0
1 86 0 0
1 87 0 0
1 88 0 0
1 89 0 0
1 90 0 0
1 91 0 0
1 92 0 0
1 93 0 0
1 94 0 0
1 95 0 0
1 96 0 0
1 97 0 0
1 98 0 0
1 99 0 0
1 100 0 0
1 101 0 0
1 102 0 0
1 103 0 0
1 104 0 0
1 105 0 0
1 106 0 0
1 107 0 0
1 108 0 0
1 109 0 0
1 110 0 0
1 111 0 0
1 112 0 0
1 113 0 0
1 114 0 0
1 115 0 0
1 116 0 0
1 117 0 0
1 118 0 0
1 119 0 0
1 120 0 0
1 121 0 0
1 122 0 0
1 123 0 0
1 124 0 0
1 125 0 0
1 126 0 0
1 127 0 0
1 128 0 0
1 129 0 0
1 130 0 0
1 131 0 0
1 132 0 0
1 133 0 0
1 134 0 0
1 135 0 0
1 136 0 0
1 137 0 0
1 138 0 0
1 139 0 0
1 140 0 0
1 141 0 0
1 142 0 0
1 143 0 0
1 144 0 0
1 145 0 0
1 146 0 0
1 147 0 0
1 148 0 0
1 149 0 0
1 150 0 0
1 151 0 0
1 152 0 0
1 153 0 0
1 154 0 0
1 155 0 0
1 156 0 0
1 157 0 0
1 158 0 0
1 159 0 0
1 160 0 0
1 161 0 0
1 162 0 0
1 163 0 0
1 164 0 0
1 165 0 0
1 166 0 0
1 167 0 0
1 168 0 0
1 169 0 0
1 170 0 0
1 171 0 0
1 172 0 0
1 173 0 0
1 174 0 0
1 175 0 0
1 176 0 0
1 177 0 0
1 178 0 0
1 179 0 0
1 180 0 0
1 181 0 0
1 182 0 0
1 183 0 0
1 184 0 0
1 185 0 0
1 186 0 0
1 187 0 0
1 188 0 0
1 189 0 0
1 190 0 0
1 191 0 0
1 192 0 0
1 193 0 0
1 194 0 0
1 195 0 0
1 196 0 0
1 197 0 0
1 198 0 0
1 199 0 0
1 200 0 0
1 201 0 0
1 202 0 0
1 203 0 0
1 204 0 0
1 205 0 0
1 206 0 0
1 207 0 0
1 208 0 0
1 209 0 0
1 210 0 0
1 211 0 0
1 212 0 0
1 213 0 0
1 214 0 0
1 215 0 0
1 216 0 0
1 217 0 0
1 218 0 0
1 219 0 0
1 220 0 0
1 221 0 0
1 222 0 0
1 223 0 0
1 224 0 0
1 225 0 0
1 226 0 0
1 227 0 0
1 228 0 0
1 229 0 0
1 230 0 0
1 231 0 0
1 232 0 0
1 233 0 0
1 234 0 0
1 235 0 0
1 236 0 0
1 237 0 0
1 238 0 0
1 239 0 0
1 240 0 0
1 241 0 0
1 242 0 0
1 243 0 0
1 244 0 0
1 245 0 0
1 246 0 0
1 247 0 0
1 248 0 0
1 249 0 0
1 250 0 0
1 251 0 0
1 252 0 0
1 253 0 0
1 254 0 0
1 255 0 0
1 256 0 0
1 257 0 0
1 258 0 0
1 259 0 0
1 260 0 0
1 261 0 0
1 262 0 0
1 263 0 0
1 264 0 0
1 265 0 0
1 266 0 0
1 267 0 0
1 268 0 0
1 269 0 0
1 270 0 0
1 271 0 0
1 272 0 0
1 273 0 0
1 274 0 0
1 275 0 0
1 276 0 0
1 277 0 0
1 278 0 0
1 279 0 0
1 280 0 0
1 281 0 0
1 282 0 0
1 283 0 0
1 284 0 0
1 285 0 0
1 286 0 0
1 287 0 0
1 288 0 0
1 289 0 0
1 290 0 0
1 291 0 0
1 292 0 0
1 293 0 0
1 294 0 0
1 295 0 0
1 296 0 0
1 297 0 0
1 298 0 0
1 299 0 0
1 300 0 0
1 301 0 0
1 302 0 0
1 303 0 0
1 304 0 0
1 305 0 0
1 306 0 0
1 307 0 0
1 308 0 0
1 309 0 0
1 310 0 0
1 311 0 0
1 312 0 0
1 313 0 0
1 314 0 0
1 315 0 0
1 316 0 0
1 317 0 0
1 318 0 0
1 319 0 0
1 320 0 0
1 321 0 0
1 322 0 0
1 323 0 0
1 324 0 0
1 325 0 0
1 326 0 0
1 327 0 0
1 328 0 0
1 329 0 0
1 330 0 0
1 331 0 0
1 332 0 0
1 333 0 0
1 334 0 0
1 335 0 0
1 336 0 0
1 337 0 0
1 338 0 0
1 339 0 0
1 340 0 0
1 341 0 0
1 342 0 0
1 343 0 0
1 344 0 0
1 345 0 0
1 346 0 0
1 347 0 0
1 348 0 0
1 349 0 0
1 350 0 0
1 351 0 0
1 352 0 0
1 353 0 0
1 354 0 0
1 355 0 0
1 356 0 0
1 357 0 0
1 358 0 0
1 359 0 0
1 360 0 0
1 361 0 0
1 362 0 0
1 363 0 0
1 364 0 0
1 365 0 0
1 366 0 0
1 367 0 0
1 368 0 0
1 369 0 0
1 370 0 0
1 371 0 0
1 372 0 0
1 373 0 0
1 374 0 0
1 375 0 0
1 376 0 0
1 377 0 0
1 378 0 0
1 379 0 0
1 380 0 0
1 381 0 0
1 382 0 0
1 383 0 0
1 384 0 0
1 385 0 0
1 386 0 0
1 387 0 0
1 388 0 0
1 389 0 0
1 390 0 0
1 391 0 0
1 392 0 0
1 393 0 0
1 394 0 0
1 395 0 0
1 396 0 0
1 397 0 0
1 398 0 0
1 399 0 0
1 400 0 0
1 401 0 0
1 402 0 0
1 403 0 0
1 404 0 0
1 405 0 0
1 406 0 0
1 407 0 0
1 408 0 0
1 409 0 0
1 410 0 0
1 411 0 0
1 412 0 0
1 413 0 0
1 414 0 0
1 415 0 0
1 416 0 0
1 417 0 0
1 418 0 0
1 419 0 0
1 420 0 0
1 421 0 0
1 422 0 0
1 423 0 0
1 424 0 0
1 425 0 0
1 426 0 0
1 427 0 0
1 428 0 0
1 429 0 0
1 430 0 0
1 431 0 0
1 432 0 0
1 433 0 0
1 434 0 0
1 435 0 0
1 436 0 0
1 437 0 0
1 438 0 0
1 439 0 0
1 440 0 0
1 441 0 0
1 442 0 0
1 443 0 0
1 444 0 0
1 445 0 0
1 446 0 0
1 447 0 0
1 448 0 0
1 449 0 0
1 450 0 0
1 451 0 0
1 452 0 0
1 453 0 0
3 1 454 0 0
3 1 455 0 0
3 1 456 0 0
3 1 457 0 0
3 1 458 0 0
3 1 459 0 0
3 1 460 0 0
3 1 461 0 0
3 1 462 0 0
3 1 463 0 0
3 1 464 0 0
3 1 465 0 0
3 1 466 0 0
3 1 467 0 0
3 1 468 0 0
3 1 469 0 0
3 1 470 0 0
3 1 471 0 0
3 1 472 0 0
3 1 473 0 0
3 1 474 0 0
3 1 475 0 0
3 1 476 0 0
3 1 477 0 0
3 1 478 0 0
3 1 479 0 0
3 1 480 0 0
3 1 481 0 0
3 1 482 0 0
3 1 483 0 0
3 1 484 0 0
3 1 485 0 0
3 1 486 0 0
3 1 487 0 0
3 1 488 0 0
3 1 489 0 0
3 1 490 0 0
3 1 491 0 0
3 1 492 0 0
3 1 493 0 0
3 1 494 0 0
2 497 1 1 1 496
2 499 1 1 1 498
1 495 2 2 497 499
2 500 1 1 1 490
2 501 1 1 1 493
1 487 2 2 500 501
2 504 1 1 1 503
2 506 1 1 1 505
1 502 2 2 504 506
2 509 1 1 1 508
2 511 1 1 1 510
1 507 2 2 509 511
2 514 1 1 1 513
2 515 1 1 1 498
1 512 2 2 514 515
2 516 1 1 1 491
2 517 1 1 1 493
1 488 2 2 516 517
2 520 1 1 1 519
2 521 1 1 1 505
1 518 2 2 520 521
2 524 1 1 1 523
2 525 1 1 1 510
1 522 2 2 524 525
2 528 1 1 1 527
2 529 1 1 1 498
1 526 2 2 528 529
2 530 1 1 1 492
2 531 1 1 1 493
1 489 2 2 530 531
2 534 1 1 1 533
2 535 1 1 1 505
1 532 2 2 534 535
2 538 1 1 1 537
2 539 1 1 1 510
1 536 2 2 538 539
2 541 1 1 1 540
2 543 1 1 1 542
1 496 2 2 541 543
2 544 1 1 1 484
2 545 1 1 1 494
1 490 2 2 544 545
2 547 1 1 1 546
2 549 1 1 1 548
1 503 2 2 547 549
2 551 1 1 1 550
2 553 1 1 1 552
1 508 2 2 551 553
2 555 1 1 1 554
2 556 1 1 1 542
1 513 2 2 555 556
2 557 1 1 1 485
2 558 1 1 1 494
1 491 2 2 557 558
2 560 1 1 1 559
2 561 1 1 1 548
1 519 2 2 560 561
2 563 1 1 1 562
2 564 1 1 1 552
1 523 2 2 563 564
2 566 1 1 1 565
2 567 1 1 1 542
1 527 2 2 566 567
2 568 1 1 1 486
2 569 1 1 1 494
1 492 2 2 568 569
2 571 1 1 1 570
2 572 1 1 1 548
1 533 2 2 571 572
2 574 1 1 1 573
2 575 1 1 1 552
1 537 2 2 574 575
1 496 1 0 462
1 508 1 0 472
1 503 1 0 482
1 513 1 0 461
1 523 1 0 471
1 519 1 0 481
1 527 1 0 460
1 537 1 0 470
1 533 1 0 480
1 540 1 0 459
1 550 1 0 469
1 546 1 0 479
1 554 1 0 458
1 562 1 0 468
1 559 1 0 478
1 565 1 0 457
1 573 1 0 467
1 570 1 0 477
1 496 1 0 459
1 508 1 0 469
1 503 1 0 479
1 513 1 0 458
1 523 1 0 468
1 519 1 0 478
1 527 1 0 457
1 537 1 0 467
1 533 1 0 477
1 542 1 0 456
1 552 1 0 466
1 548 1 0 476
1 498 1 0 454
1 510 1 0 464
1 505 1 0 474
3 1 576 1 0 510
3 1 577 1 0 552
3 1 578 1 0 573
3 1 579 1 0 562
3 1 580 1 0 550
3 1 581 1 0 537
3 1 582 1 0 523
3 1 583 1 0 508
3 1 584 1 0 536
3 1 585 1 0 522
3 1 586 1 0 507
3 1 587 1 0 505
3 1 588 1 0 548
3 1 589 1 0 570
3 1 590 1 0 559
3 1 591 1 0 546
3 1 592 1 0 533
3 1 593 1 0 519
3 1 594 1 0 503
3 1 595 1 0 532
3 1 596 1 0 518
3 1 597 1 0 502
3 1 598 1 0 494
3 1 599 1 0 493
3 1 600 1 0 492
3 1 601 1 0 491
3 1 602 1 0 490
3 1 603 1 0 489
3 1 604 1 0 488
3 1 605 1 0 487
3 1 606 1 0 486
3 1 607 1 0 485
3 1 608 1 0 484
3 1 546 1 0 608
3 1 559 1 0 607
3 1 570 1 0 606
3 1 502 1 0 605
3 1 518 1 0 604
3 1 532 1 0 603
3 1 503 1 0 602
3 1 519 1 0 601
3 1 533 1 0 600
3 1 505 1 0 599
3 1 548 1 0 598
3 1 507 1 0 597
3 1 522 1 0 596
3 1 536 1 0 595
3 1 508 1 0 594
3 1 523 1 0 593
3 1 537 1 0 592
3 1 550 1 0 591
3 1 562 1 0 590
3 1 573 1 0 589
3 1 552 1 0 588
3 1 510 1 0 587
3 1 495 1 0 586
3 1 512 1 0 585
3 1 526 1 0 584
3 1 496 1 0 583
3 1 513 1 0 582
3 1 527 1 0 581
3 1 540 1 0 580
3 1 554 1 0 579
3 1 565 1 0 578
3 1 542 1 0 577
3 1 498 1 0 576
2 609 1 1 1 583
2 610 1 1 1 576
1 586 2 2 609 610
2 611 1 1 1 594
2 612 1 1 1 587
1 597 2 2 611 612
2 613 1 1 1 602
2 614 1 1 1 599
1 605 2 2 613 614
2 615 1 1 1 582
2 616 1 1 1 576
1 585 2 2 615 616
2 617 1 1 1 593
2 618 1 1 1 587
1 596 2 2 617 618
2 619 1 1 1 601
2 620 1 1 1 599
1 604 2 2 619 620
2 621 1 1 1 581
2 622 1 1 1 576
1 584 2 2 621 622
2 623 1 1 1 592
2 624 1 1 1 587
1 595 2 2 623 624
2 625 1 1 1 600
2 626 1 1 1 599
1 603 2 2 625 626
2 627 1 1 1 580
2 628 1 1 1 577
1 583 2 2 627 628
2 629 1 1 1 591
2 630 1 1 1 588
1 594 2 2 629 630
2 631 1 1 1 608
2 632 1 1 1 598
1 602 2 2 631 632
2 633 1 1 1 579
2 634 1 1 1 577
1 582 2 2 633 634
2 635 1 1 1 590
2 636 1 1 1 588
1 593 2 2 635 636
2 637 1 1 1 607
2 638 1 1 1 598
1 601 2 2 637 638
2 639 1 1 1 578
2 640 1 1 1 577
1 581 2 2 639 640
2 641 1 1 1 589
2 642 1 1 1 588
1 592 2 2 641 642
2 643 1 1 1 606
2 644 1 1 1 598
1 600 2 2 643 644
1 645 1 0 463
1 646 1 0 473
1 647 1 0 483
1 577 1 0 645
1 588 1 0 646
1 598 1 0 647
1 645 1 0 463
1 646 1 0 473
1 647 1 0 483
1 648 1 0 463
1 649 1 0 473
1 650 1 0 483
1 505 1 0 650
1 510 1 0 649
1 498 1 0 648
1 651 1 0 554
1 651 1 0 565
1 652 1 0 540
1 652 1 0 565
1 653 1 0 540
1 653 1 0 554
1 654 1 0 512
1 654 1 0 526
1 655 1 0 495
1 655 1 0 526
1 656 1 0 495
1 656 1 0 512
1 657 1 0 513
1 657 1 0 527
1 658 1 0 496
1 658 1 0 527
1 659 1 0 496
1 659 1 0 513
1 660 1 0 485
1 660 1 0 486
1 661 1 0 484
1 661 1 0 486
1 662 1 0 484
1 662 1 0 485
1 663 1 0 488
1 663 1 0 489
1 664 1 0 487
1 664 1 0 489
1 665 1 0 487
1 665 1 0 488
1 666 1 0 491
1 666 1 0 492
1 667 1 0 490
1 667 1 0 492
1 668 1 0 490
1 668 1 0 491
1 669 1 0 559
1 669 1 0 570
1 670 1 0 546
1 670 1 0 570
1 671 1 0 546
1 671 1 0 559
1 672 1 0 518
1 672 1 0 532
1 673 1 0 502
1 673 1 0 532
1 674 1 0 502
1 674 1 0 518
1 675 1 0 519
1 675 1 0 533
1 676 1 0 503
1 676 1 0 533
1 677 1 0 503
1 677 1 0 519
1 678 1 0 562
1 678 1 0 573
1 679 1 0 550
1 679 1 0 573
1 680 1 0 550
1 680 1 0 562
1 681 1 0 522
1 681 1 0 536
1 682 1 0 507
1 682 1 0 536
1 683 1 0 507
1 683 1 0 522
1 684 1 0 523
1 684 1 0 537
1 685 1 0 508
1 685 1 0 537
1 686 1 0 508
1 686 1 0 523
1 687 0 0
1 688 0 0
1 689 1 0 586
1 690 1 0 586
1 691 1 0 585
1 690 1 0 585
1 691 1 0 584
1 689 1 0 584
1 692 1 0 583
1 693 1 0 583
1 694 1 0 582
1 693 1 0 582
1 694 1 0 581
1 692 1 0 581
1 695 1 0 580
1 696 1 0 580
1 697 1 0 579
1 696 1 0 579
1 697 1 0 578
1 695 1 0 578
1 698 1 0 597
1 699 1 0 597
1 700 1 0 596
1 699 1 0 596
1 700 1 0 595
1 698 1 0 595
1 701 1 0 594
1 702 1 0 594
1 703 1 0 593
1 702 1 0 593
1 703 1 0 592
1 701 1 0 592
1 704 1 0 591
1 705 1 0 591
1 706 1 0 590
1 705 1 0 590
1 706 1 0 589
1 704 1 0 589
1 707 1 0 608
1 708 1 0 608
1 709 1 0 607
1 708 1 0 607
1 709 1 0 606
1 707 1 0 606
1 710 1 0 605
1 711 1 0 605
1 712 1 0 604
1 711 1 0 604
1 712 1 0 603
1 710 1 0 603
1 713 1 0 602
1 714 1 0 602
1 715 1 0 601
1 714 1 0 601
1 715 1 0 600
1 713 1 0 600
1 716 1 0 455
1 717 1 0 465
1 718 1 0 475
3 1 719 0 0
3 1 720 0 0
3 1 721 0 0
3 1 722 0 0
3 1 723 0 0
3 1 724 0 0
3 1 725 0 0
3 1 726 0 0
3 1 727 0 0
3 1 728 0 0
3 1 729 0 0
3 1 730 0 0
3 1 731 0 0
3 1 732 0 0
3 1 733 0 0
3 1 734 0 0
3 1 735 0 0
3 1 736 0 0
3 1 737 0 0
3 1 738 0 0
3 1 739 0 0
3 1 740 0 0
3 1 741 0 0
3 1 742 0 0
3 1 743 0 0
3 1 744 0 0
3 1 745 0 0
3 1 746 0 0
3 1 747 0 0
3 1 748 0 0
3 1 749 0 0
3 1 750 0 0
3 1 751 0 0
3 1 752 0 0
3 1 753 0 0
3 1 754 0 0
3 1 755 0 0
3 1 756 0 0
3 1 757 0 0
3 1 758 0 0
3 1 759 0 0
3 1 760 0 0
3 1 761 0 0
3 1 762 0 0
3 1 763 1 0 717
3 1 764 1 0 718
3 1 765 1 0 749
3 1 766 1 0 750
3 1 767 1 0 766
3 1 718 1 0 765
3 1 717 1 0 764
3 1 716 1 0 763
3 1 768 1 0 767
3 1 769 1 0 768
3 1 770 1 0 769
3 1 771 1 0 770
1 772 0 0
2 773 1 1 1 463
2 774 1 1 1 462
1 1 2 2 773 774
2 775 1 1 1 463
2 776 1 1 1 461
1 1 2 2 775 776
2 777 1 1 1 463
2 778 1 1 1 460
1 1 2 2 777 778
2 779 1 1 1 463
2 780 1 1 1 459
1 1 2 2 779 780
2 781 1 1 1 463
2 782 1 1 1 458
1 1 2 2 781 782
2 783 1 1 1 463
2 784 1 1 1 457
1 1 2 2 783 784
2 785 1 1 1 463
2 786 1 1 1 456
1 1 2 2 785 786
2 787 1 1 1 463
2 788 1 1 1 455
1 1 2 2 787 788
2 789 1 1 1 463
2 790 1 1 1 454
1 1 2 2 789 790
2 791 1 1 1 462
2 792 1 1 1 463
1 1 2 2 791 792
2 793 1 1 1 462
2 794 1 1 1 461
1 1 2 2 793 794
2 795 1 1 1 462
2 796 1 1 1 460
1 1 2 2 795 796
2 797 1 1 1 462
2 798 1 1 1 459
1 1 2 2 797 798
2 799 1 1 1 462
2 800 1 1 1 458
1 1 2 2 799 800
2 801 1 1 1 462
2 802 1 1 1 457
1 1 2 2 801 802
2 803 1 1 1 462
2 804 1 1 1 456
1 1 2 2 803 804
2 805 1 1 1 462
2 806 1 1 1 455
1 1 2 2 805 806
2 807 1 1 1 462
2 808 1 1 1 454
1 1 2 2 807 808
2 809 1 1 1 461
2 810 1 1 1 463
1 1 2 2 809 810
2 811 1 1 1 461
2 812 1 1 1 462
1 1 2 2 811 812
2 813 1 1 1 461
2 814 1 1 1 460
1 1 2 2 813 814
2 815 1 1 1 461
2 816 1 1 1 459
1 1 2 2 815 816
2 817 1 1 1 461
2 818 1 1 1 458
1 1 2 2 817 818
2 819 1 1 1 461
2 820 1 1 1 457
1 1 2 2 819 820
2 821 1 1 1 461
2 822 1 1 1 456
1 1 2 2 821 822
2 823 1 1 1 461
2 824 1 1 1 455
1 1 2 2 823 824
2 825 1 1 1 461
2 826 1 1 1 454
1 1 2 2 825 826
2 827 1 1 1 460
2 828 1 1 1 463
1 1 2 2 827 828
2 829 1 1 1 460
2 830 1 1 1 462
1 1 2 2 829 830
2 831 1 1 1 460
2 832 1 1 1 461
1 1 2 2 831 832
2 833 1 1 1 460
2 834 1 1 1 459
1 1 2 2 833 834
2 835 1 1 1 460
2 836 1 1 1 458
1 1 2 2 835 836
2 837 1 1 1 460
2 838 1 1 1 457
1 1 2 2 837 838
2 839 1 1 1 460
2 840 1 1 1 456
1 1 2 2 839 840
2 841 1 1 1 460
2 842 1 1 1 455
1 1 2 2 841 842
2 843 1 1 1 460
2 844 1 1 1 454
1 1 2 2 843 844
2 845 1 1 1 459
2 846 1 1 1 463
1 1 2 2 845 846
2 847 1 1 1 459
2 848 1 1 1 462
1 1 2 2 847 848
2 849 1 1 1 459
2 850 1 1 1 461
1 1 2 2 849 850
2 851 1 1 1 459
2 852 1 1 1 460
1 1 2 2 851 852
2 853 1 1 1 459
2 854 1 1 1 458
1 1 2 2 853 854
2 855 1 1 1 459
2 856 1 1 1 457
1 1 2 2 855 856
2 857 1 1 1 459
2 858 1 1 1 456
1 1 2 2 857 858
2 859 1 1 1 459
2 860 1 1 1 455
1 1 2 2 859 860
2 861 1 1 1 459
2 862 1 1 1 454
1 1 2 2 861 862
2 863 1 1 1 458
2 864 1 1 1 463
1 1 2 2 863 864
2 865 1 1 1 458
2 866 1 1 1 462
1 1 2 2 865 866
2 867 1 1 1 458
2 868 1 1 1 461
1 1 2 2 867 868
2 869 1 1 1 458
2 870 1 1 1 460
1 1 2 2 869 870
2 871 1 1 1 458
2 872 1 1 1 459
1 1 2 2 871 872
2 873 1 1 1 458
2 874 1 1 1 457
1 1 2 2 873 874
2 875 1 1 1 458
2 876 1 1 1 456
1 1 2 2 875 876
2 877 1 1 1 458
2 878 1 1 1 455
1 1 2 2 877 878
2 879 1 1 1 458
2 880 1 1 1 454
1 1 2 2 879 880
2 881 1 1 1 457
2 882 1 1 1 463
1 1 2 2 881 882
2 883 1 1 1 457
2 884 1 1 1 462
1 1 2 2 883 884
2 885 1 1 1 457
2 886 1 1 1 461
1 1 2 2 885 886
2 887 1 1 1 457
2 888 1 1 1 460
1 1 2 2 887 888
2 889 1 1 1 457
2 890 1 1 1 459
1 1 2 2 889 890
2 891 1 1 1 457
2 892 1 1 1 458
1 1 2 2 891 892
2 893 1 1 1 457
2 894 1 1 1 456
1 1 2 2 893 894
2 895 1 1 1 457
2 896 1 1 1 455
1 1 2 2 895 896
2 897 1 1 1 457
2 898 1 1 1 454
1 1 2 2 897 898
2 899 1 1 1 456
2 900 1 1 1 463
1 1 2 2 899 900
2 901 1 1 1 456
2 902 1 1 1 462
1 1 2 2 901 902
2 903 1 1 1 456
2 904 1 1 1 461
1 1 2 2 903 904
2 905 1 1 1 456
2 906 1 1 1 460
1 1 2 2 905 906
2 907 1 1 1 456
2 908 1 1 1 459
1 1 2 2 907 908
2 909 1 1 1 456
2 910 1 1 1 458
1 1 2 2 909 910
2 911 1 1 1 456
2 912 1 1 1 457
1 1 2 2 911 912
2 913 1 1 1 456
2 914 1 1 1 455
1 1 2 2 913 914
2 915 1 1 1 456
2 916 1 1 1 454
1 1 2 2 915 916
2 917 1 1 1 455
2 918 1 1 1 463
1 1 2 2 917 918
2 919 1 1 1 455
2 920 1 1 1 462
1 1 2 2 919 920
2 921 1 1 1 455
2 922 1 1 1 461
1 1 2 2 921 922
2 923 1 1 1 455
2 924 1 1 1 460
1 1 2 2 923 924
2 925 1 1 1 455
2 926 1 1 1 459
1 1 2 2 925 926
2 927 1 1 1 455
2 928 1 1 1 458
1 1 2 2 927 928
2 929 1 1 1 455
2 930 1 1 1 457
1 1 2 2 929 930
2 931 1 1 1 455
2 932 1 1 1 456
1 1 2 2 931 932
2 933 1 1 1 455
2 934 1 1 1 454
1 1 2 2 933 934
2 935 1 1 1 454
2 936 1 1 1 463
1 1 2 2 935 936
2 937 1 1 1 454
2 938 1 1 1 462
1 1 2 2 937 938
2 939 1 1 1 454
2 940 1 1 1 461
1 1 2 2 939 940
2 941 1 1 1 454
2 942 1 1 1 460
1 1 2 2 941 942
2 943 1 1 1 454
2 944 1 1 1 459
1 1 2 2 943 944
2 945 1 1 1 454
2 946 1 1 1 458
1 1 2 2 945 946
2 947 1 1 1 454
2 948 1 1 1 457
1 1 2 2 947 948
2 949 1 1 1 454
2 950 1 1 1 456
1 1 2 2 949 950
2 951 1 1 1 454
2 952 1 1 1 455
1 1 2 2 951 952
2 953 1 1 1 473
2 954 1 1 1 472
1 1 2 2 953 954
2 955 1 1 1 473
2 956 1 1 1 471
1 1 2 2 955 956
2 957 1 1 1 473
2 958 1 1 1 470
1 1 2 2 957 958
2 959 1 1 1 473
2 960 1 1 1 469
1 1 2 2 959 960
2 961 1 1 1 473
2 962 1 1 1 468
1 1 2 2 961 962
2 963 1 1 1 473
2 964 1 1 1 467
1 1 2 2 963 964
2 965 1 1 1 473
2 966 1 1 1 466
1 1 2 2 965 966
2 967 1 1 1 473
2 968 1 1 1 465
1 1 2 2 967 968
2 969 1 1 1 473
2 970 1 1 1 464
1 1 2 2 969 970
2 971 1 1 1 472
2 972 1 1 1 473
1 1 2 2 971 972
2 973 1 1 1 472
2 974 1 1 1 471
1 1 2 2 973 974
2 975 1 1 1 472
2 976 1 1 1 470
1 1 2 2 975 976
2 977 1 1 1 472
2 978 1 1 1 469
1 1 2 2 977 978
2 979 1 1 1 472
2 980 1 1 1 468
1 1 2 2 979 980
2 981 1 1 1 472
2 982 1 1 1 467
1 1 2 2 981 982
2 983 1 1 1 472
2 984 1 1 1 466
1 1 2 2 983 984
2 985 1 1 1 472
2 986 1 1 1 465
1 1 2 2 985 986
2 987 1 1 1 472
2 988 1 1 1 464
1 1 2 2 987 988
2 989 1 1 1 471
2 990 1 1 1 473
1 1 2 2 989 990
2 991 1 1 1 471
2 992 1 1 1 472
1 1 2 2 991 992
2 993 1 1 1 471
2 994 1 1 1 470
1 1 2 2 993 994
2 995 1 1 1 471
2 996 1 1 1 469
1 1 2 2 995 996
2 997 1 1 1 471
2 998 1 1 1 468
1 1 2 2 997 998
2 999 1 1 1 471
2 1000 1 1 1 467
1 1 2 2 999 1000
2 1001 1 1 1 471
2 1002 1 1 1 466
1 1 2 2 1001 1002
2 1003 1 1 1 471
2 1004 1 1 1 465
1 1 2 2 1003 1004
2 1005 1 1 1 471
2 1006 1 1 1 464
1 1 2 2 1005 1006
2 1007 1 1 1 470
2 1008 1 1 1 473
1 1 2 2 1007 1008
2 1009 1 1 1 470
2 1010 1 1 1 472
1 1 2 2 1009 1010
2 1011 1 1 1 470
2 1012 1 1 1 471
1 1 2 2 1011 1012
2 1013 1 1 1 470
2 1014 1 1 1 469
1 1 2 2 1013 1014
2 1015 1 1 1 470
2 1016 1 1 1 468
1 1 2 2 1015 1016
2 1017 1 1 1 470
2 1018 1 1 1 467
1 1 2 2 1017 1018
2 1019 1 1 1 470
2 1020 1 1 1 466
1 1 2 2 1019 1020
2 1021 1 1 1 470
2 1022 1 1 1 465
1 1 2 2 1021 1022
2 1023 1 1 1 470
2 1024 1 1 1 464
1 1 2 2 1023 1024
2 1025 1 1 1 469
2 1026 1 1 1 473
1 1 2 2 1025 1026
2 1027 1 1 1 469
2 1028 1 1 1 472
1 1 2 2 1027 1028
2 1029 1 1 1 469
2 1030 1 1 1 471
1 1 2 2 1029 1030
2 1031 1 1 1 469
2 1032 1 1 1 470
1 1 2 2 1031 1032
2 1033 1 1 1 469
2 1034 1 1 1 468
1 1 2 2 1033 1034
2 1035 1 1 1 469
2 1036 1 1 1 467
1 1 2 2 1035 1036
2 1037 1 1 1 469
2 1038 1 1 1 466
1 1 2 2 1037 1038
2 1039 1 1 1 469
2 1040 1 1 1 465
1 1 2 2 1039 1040
2 1041 1 1 1 469
2 1042 1 1 1 464
1 1 2 2 1041 1042
2 1043 1 1 1 468
2 1044 1 1 1 473
1 1 2 2 1043 1044
2 1045 1 1 1 468
2 1046 1 1 1 472
1 1 2 2 1045 1046
2 1047 1 1 1 468
2 1048 1 1 1 471
1 1 2 2 1047 1048
2 1049 1 1 1 468
2 1050 1 1 1 470
1 1 2 2 1049 1050
2 1051 1 1 1 468
2 1052 1 1 1 469
1 1 2 2 1051 1052
2 1053 1 1 1 468
2 1054 1 1 1 467
1 1 2 2 1053 1054
2 1055 1 1 1 468
2 1056 1 1 1 466
1 1 2 2 1055 1056
2 1057 1 1 1 468
2 1058 1 1 1 465
1 1 2 2 1057 1058
2 1059 1 1 1 468
2 1060 1 1 1 464
1 1 2 2 1059 1060
2 1061 1 1 1 467
2 1062 1 1 1 473
1 1 2 2 1061 1062
2 1063 1 1 1 467
2 1064 1 1 1 472
1 1 2 2 1063 1064
2 1065 1 1 1 467
2 1066 1 1 1 471
1 1 2 2 1065 1066
2 1067 1 1 1 467
2 1068 1 1 1 470
1 1 2 2 1067 1068
2 1069 1 1 1 467
2 1070 1 1 1 469
1 1 2 2 1069 1070
2 1071 1 1 1 467
2 1072 1 1 1 468
1 1 2 2 1071 1072
2 1073 1 1 1 467
2 1074 1 1 1 466
1 1 2 2 1073 1074
2 1075 1 1 1 467
2 1076 1 1 1 465
1 1 2 2 1075 1076
2 1077 1 1 1 467
2 1078 1 1 1 464
1 1 2 2 1077 1078
2 1079 1 1 1 466
2 1080 1 1 1 473
1 1 2 2 1079 1080
2 1081 1 1 1 466
2 1082 1 1 1 472
1 1 2 2 1081 1082
2 1083 1 1 1 466
2 1084 1 1 1 471
1 1 2 2 1083 1084
2 1085 1 1 1 466
2 1086 1 1 1 470
1 1 2 2 1085 1086
2 1087 1 1 1 466
2 1088 1 1 1 469
1 1 2 2 1087 1088
2 1089 1 1 1 466
2 1090 1 1 1 468
1 1 2 2 1089 1090
2 1091 1 1 1 466
2 1092 1 1 1 467
1 1 2 2 1091 1092
2 1093 1 1 1 466
2 1094 1 1 1 465
1 1 2 2 1093 1094
2 1095 1 1 1 466
2 1096 1 1 1 464
1 1 2 2 1095 1096
2 1097 1 1 1 465
2 1098 1 1 1 473
1 1 2 2 1097 1098
2 1099 1 1 1 465
2 1100 1 1 1 472
1 1 2 2 1099 1100
2 1101 1 1 1 465
2 1102 1 1 1 471
1 1 2 2 1101 1102
2 1103 1 1 1 465
2 1104 1 1 1 470
1 1 2 2 1103 1104
2 1105 1 1 1 465
2 1106 1 1 1 469
1 1 2 2 1105 1106
2 1107 1 1 1 465
2 1108 1 1 1 468
1 1 2 2 1107 1108
2 1109 1 1 1 465
2 1110 1 1 1 467
1 1 2 2 1109 1110
2 1111 1 1 1 465
2 1112 1 1 1 466
1 1 2 2 1111 1112
2 1113 1 1 1 465
2 1114 1 1 1 464
1 1 2 2 1113 1114
2 1115 1 1 1 464
2 1116 1 1 1 473
1 1 2 2 1115 1116
2 1117 1 1 1 464
2 1118 1 1 1 472
1 1 2 2 1117 1118
2 1119 1 1 1 464
2 1120 1 1 1 471
1 1 2 2 1119 1120
2 1121 1 1 1 464
2 1122 1 1 1 470
1 1 2 2 1121 1122
2 1123 1 1 1 464
2 1124 1 1 1 469
1 1 2 2 1123 1124
2 1125 1 1 1 464
2 1126 1 1 1 468
1 1 2 2 1125 1126
2 1127 1 1 1 464
2 1128 1 1 1 467
1 1 2 2 1127 1128
2 1129 1 1 1 464
2 1130 1 1 1 466
1 1 2 2 1129 1130
2 1131 1 1 1 464
2 1132 1 1 1 465
1 1 2 2 1131 1132
2 1133 1 1 1 483
2 1134 1 1 1 482
1 1 2 2 1133 1134
2 1135 1 1 1 483
2 1136 1 1 1 481
1 1 2 2 1135 1136
2 1137 1 1 1 483
2 1138 1 1 1 480
1 1 2 2 1137 1138
2 1139 1 1 1 483
2 1140 1 1 1 479
1 1 2 2 1139 1140
2 1141 1 1 1 483
2 1142 1 1 1 478
1 1 2 2 1141 1142
2 1143 1 1 1 483
2 1144 1 1 1 477
1 1 2 2 1143 1144
2 1145 1 1 1 483
2 1146 1 1 1 476
1 1 2 2 1145 1146
2 1147 1 1 1 483
2 1148 1 1 1 475
1 1 2 2 1147 1148
2 1149 1 1 1 483
2 1150 1 1 1 474
1 1 2 2 1149 1150
2 1151 1 1 1 482
2 1152 1 1 1 483
1 1 2 2 1151 1152
2 1153 1 1 1 482
2 1154 1 1 1 481
1 1 2 2 1153 1154
2 1155 1 1 1 482
2 1156 1 1 1 480
1 1 2 2 1155 1156
2 1157 1 1 1 482
2 1158 1 1 1 479
1 1 2 2 1157 1158
2 1159 1 1 1 482
2 1160 1 1 1 478
1 1 2 2 1159 1160
2 1161 1 1 1 482
2 1162 1 1 1 477
1 1 2 2 1161 1162
2 1163 1 1 1 482
2 1164 1 1 1 476
1 1 2 2 1163 1164
2 1165 1 1 1 482
2 1166 1 1 1 475
1 1 2 2 1165 1166
2 1167 1 1 1 482
2 1168 1 1 1 474
1 1 2 2 1167 1168
2 1169 1 1 1 481
2 1170 1 1 1 483
1 1 2 2 1169 1170
2 1171 1 1 1 481
2 1172 1 1 1 482
1 1 2 2 1171 1172
2 1173 1 1 1 481
2 1174 1 1 1 480
1 1 2 2 1173 1174
2 1175 1 1 1 481
2 1176 1 1 1 479
1 1 2 2 1175 1176
2 1177 1 1 1 481
2 1178 1 1 1 478
1 1 2 2 1177 1178
2 1179 1 1 1 481
2 1180 1 1 1 477
1 1 2 2 1179 1180
2 1181 1 1 1 481
2 1182 1 1 1 476
1 1 2 2 1181 1182
2 1183 1 1 1 481
2 1184 1 1 1 475
1 1 2 2 1183 1184
2 1185 1 1 1 481
2 1186 1 1 1 474
1 1 2 2 1185 1186
2 1187 1 1 1 480
2 1188 1 1 1 483
1 1 2 2 1187 1188
2 1189 1 1 1 480
2 1190 1 1 1 482
1 1 2 2 1189 1190
2 1191 1 1 1 480
2 1192 1 1 1 481
1 1 2 2 1191 1192
2 1193 1 1 1 480
2 1194 1 1 1 479
1 1 2 2 1193 1194
2 1195 1 1 1 480
2 1196 1 1 1 478
1 1 2 2 1195 1196
2 1197 1 1 1 480
2 1198 1 1 1 477
1 1 2 2 1197 1198
2 1199 1 1 1 480
2 1200 1 1 1 476
1 1 2 2 1199 1200
2 1201 1 1 1 480
2 1202 1 1 1 475
1 1 2 2 1201 1202
2 1203 1 1 1 480
2 1204 1 1 1 474
1 1 2 2 1203 1204
2 1205 1 1 1 479
2 1206 1 1 1 483
1 1 2 2 1205 1206
2 1207 1 1 1 479
2 1208 1 1 1 482
1 1 2 2 1207 1208
2 1209 1 1 1 479
2 1210 1 1 1 481
1 1 2 2 1209 1210
2 1211 1 1 1 479
2 1212 1 1 1 480
1 1 2 2 1211 1212
2 1213 1 1 1 479
2 1214 1 1 1 478
1 1 2 2 1213 1214
2 1215 1 1 1 479
2 1216 1 1 1 477
1 1 2 2 1215 1216
2 1217 1 1 1 479
2 1218 1 1 1 476
1 1 2 2 1217 1218
2 1219 1 1 1 479
2 1220 1 1 1 475
1 1 2 2 1219 1220
2 1221 1 1 1 479
2 1222 1 1 1 474
1 1 2 2 1221 1222
2 1223 1 1 1 478
2 1224 1 1 1 483
1 1 2 2 1223 1224
2 1225 1 1 1 478
2 1226 1 1 1 482
1 1 2 2 1225 1226
2 1227 1 1 1 478
2 1228 1 1 1 481
1 1 2 2 1227 1228
2 1229 1 1 1 478
2 1230 1 1 1 480
1 1 2 2 1229 1230
2 1231 1 1 1 478
2 1232 1 1 1 479
1 1 2 2 1231 1232
2 1233 1 1 1 478
2 1234 1 1 1 477
1 1 2 2 1233 1234
2 1235 1 1 1 478
2 1236 1 1 1 476
1 1 2 2 1235 1236
2 1237 1 1 1 478
2 1238 1 1 1 475
1 1 2 2 1237 1238
2 1239 1 1 1 478
2 1240 1 1 1 474
1 1 2 2 1239 1240
2 1241 1 1 1 477
2 1242 1 1 1 483
1 1 2 2 1241 1242
2 1243 1 1 1 477
2 1244 1 1 1 482
1 1 2 2 1243 1244
2 1245 1 1 1 477
2 1246 1 1 1 481
1 1 2 2 1245 1246
2 1247 1 1 1 477
2 1248 1 1 1 480
1 1 2 2 1247 1248
2 1249 1 1 1 477
2 1250 1 1 1 479
1 1 2 2 1249 1250
2 1251 1 1 1 477
2 1252 1 1 1 478
1 1 2 2 1251 1252
2 1253 1 1 1 477
2 1254 1 1 1 476
1 1 2 2 1253 1254
2 1255 1 1 1 477
2 1256 1 1 1 475
1 1 2 2 1255 1256
2 1257 1 1 1 477
2 1258 1 1 1 474
1 1 2 2 1257 1258
2 1259 1 1 1 476
2 1260 1 1 1 483
1 1 2 2 1259 1260
2 1261 1 1 1 476
2 1262 1 1 1 482
1 1 2 2 1261 1262
2 1263 1 1 1 476
2 1264 1 1 1 481
1 1 2 2 1263 1264
2 1265 1 1 1 476
2 1266 1 1 1 480
1 1 2 2 1265 1266
2 1267 1 1 1 476
2 1268 1 1 1 479
1 1 2 2 1267 1268
2 1269 1 1 1 476
2 1270 1 1 1 478
1 1 2 2 1269 1270
2 1271 1 1 1 476
2 1272 1 1 1 477
1 1 2 2 1271 1272
2 1273 1 1 1 476
2 1274 1 1 1 475
1 1 2 2 1273 1274
2 1275 1 1 1 476
2 1276 1 1 1 474
1 1 2 2 1275 1276
2 1277 1 1 1 475
2 1278 1 1 1 483
1 1 2 2 1277 1278
2 1279 1 1 1 475
2 1280 1 1 1 482
1 1 2 2 1279 1280
2 1281 1 1 1 475
2 1282 1 1 1 481
1 1 2 2 1281 1282
2 1283 1 1 1 475
2 1284 1 1 1 480
1 1 2 2 1283 1284
2 1285 1 1 1 475
2 1286 1 1 1 479
1 1 2 2 1285 1286
2 1287 1 1 1 475
2 1288 1 1 1 478
1 1 2 2 1287 1288
2 1289 1 1 1 475
2 1290 1 1 1 477
1 1 2 2 1289 1290
2 1291 1 1 1 475
2 1292 1 1 1 476
1 1 2 2 1291 1292
2 1293 1 1 1 475
2 1294 1 1 1 474
1 1 2 2 1293 1294
2 1295 1 1 1 474
2 1296 1 1 1 483
1 1 2 2 1295 1296
2 1297 1 1 1 474
2 1298 1 1 1 482
1 1 2 2 1297 1298
2 1299 1 1 1 474
2 1300 1 1 1 481
1 1 2 2 1299 1300
2 1301 1 1 1 474
2 1302 1 1 1 480
1 1 2 2 1301 1302
2 1303 1 1 1 474
2 1304 1 1 1 479
1 1 2 2 1303 1304
2 1305 1 1 1 474
2 1306 1 1 1 478
1 1 2 2 1305 1306
2 1307 1 1 1 474
2 1308 1 1 1 477
1 1 2 2 1307 1308
2 1309 1 1 1 474
2 1310 1 1 1 476
1 1 2 2 1309 1310
2 1311 1 1 1 474
2 1312 1 1 1 475
1 1 2 2 1311 1312
2 1314 2 0 1 542 716
1 1313 1 1 1314
2 1315 2 0 1 498 771
1 1313 1 1 1315
2 1316 2 0 1 527 659
1 1313 1 1 1316
2 1317 2 0 1 513 658
1 1313 1 1 1317
2 1318 2 0 1 496 657
1 1313 1 1 1318
2 1319 2 0 1 526 656
1 1313 1 1 1319
2 1320 2 0 1 512 655
1 1313 1 1 1320
2 1321 2 0 1 495 654
1 1313 1 1 1321
2 1322 2 0 1 565 653
1 1313 1 1 1322
2 1323 2 0 1 554 652
1 1313 1 1 1323
2 1324 2 0 1 540 651
1 1313 1 1 1324
2 1325 2 0 1 494 749
1 1313 1 1 1325
2 1326 2 0 1 493 750
1 1313 1 1 1326
2 1327 2 0 1 492 668
1 1313 1 1 1327
2 1328 2 0 1 491 667
1 1313 1 1 1328
2 1329 2 0 1 490 666
1 1313 1 1 1329
2 1330 2 0 1 489 665
1 1313 1 1 1330
2 1331 2 0 1 488 664
1 1313 1 1 1331
2 1332 2 0 1 487 663
1 1313 1 1 1332
2 1333 2 0 1 486 662
1 1313 1 1 1333
2 1334 2 0 1 485 661
1 1313 1 1 1334
2 1335 2 0 1 484 660
1 1313 1 1 1335
2 1336 2 0 1 548 718
1 1313 1 1 1336
2 1337 2 0 1 505 767
1 1313 1 1 1337
2 1338 2 0 1 533 677
1 1313 1 1 1338
2 1339 2 0 1 519 676
1 1313 1 1 1339
2 1340 2 0 1 503 675
1 1313 1 1 1340
2 1341 2 0 1 532 674
1 1313 1 1 1341
2 1342 2 0 1 518 673
1 1313 1 1 1342
2 1343 2 0 1 502 672
1 1313 1 1 1343
2 1344 2 0 1 570 671
1 1313 1 1 1344
2 1345 2 0 1 559 670
1 1313 1 1 1345
2 1346 2 0 1 546 669
1 1313 1 1 1346
2 1347 2 0 1 552 717
1 1313 1 1 1347
2 1348 2 0 1 510 769
1 1313 1 1 1348
2 1349 2 0 1 537 686
1 1313 1 1 1349
2 1350 2 0 1 523 685
1 1313 1 1 1350
2 1351 2 0 1 508 684
1 1313 1 1 1351
2 1352 2 0 1 536 683
1 1313 1 1 1352
2 1353 2 0 1 522 682
1 1313 1 1 1353
2 1354 2 0 1 507 681
1 1313 1 1 1354
2 1355 2 0 1 573 680
1 1313 1 1 1355
2 1356 2 0 1 562 679
1 1313 1 1 1356
2 1357 2 0 1 550 678
1 1313 1 1 1357
2 1358 2 0 1 463 728
1 1313 1 1 1358
2 1359 2 0 1 462 727
1 1313 1 1 1359
2 1360 2 0 1 461 726
1 1313 1 1 1360
2 1361 2 0 1 460 725
1 1313 1 1 1361
2 1362 2 0 1 459 724
1 1313 1 1 1362
2 1363 2 0 1 458 723
1 1313 1 1 1363
2 1364 2 0 1 457 722
1 1313 1 1 1364
2 1365 2 0 1 456 721
1 1313 1 1 1365
2 1366 2 0 1 455 720
1 1313 1 1 1366
2 1367 2 0 1 454 719
1 1313 1 1 1367
2 1368 2 0 1 473 738
1 1313 1 1 1368
2 1369 2 0 1 472 737
1 1313 1 1 1369
2 1370 2 0 1 471 736
1 1313 1 1 1370
2 1371 2 0 1 470 735
1 1313 1 1 1371
2 1372 2 0 1 469 734
1 1313 1 1 1372
2 1373 2 0 1 468 733
1 1313 1 1 1373
2 1374 2 0 1 467 732
1 1313 1 1 1374
2 1375 2 0 1 466 731
1 1313 1 1 1375
2 1376 2 0 1 465 730
1 1313 1 1 1376
2 1377 2 0 1 464 729
1 1313 1 1 1377
2 1378 2 0 1 483 748
1 1313 1 1 1378
2 1379 2 0 1 482 747
1 1313 1 1 1379
2 1380 2 0 1 481 746
1 1313 1 1 1380
2 1381 2 0 1 480 745
1 1313 1 1 1381
2 1382 2 0 1 479 744
1 1313 1 1 1382
2 1383 2 0 1 478 743
1 1313 1 1 1383
2 1384 2 0 1 477 742
1 1313 1 1 1384
2 1385 2 0 1 476 741
1 1313 1 1 1385
2 1386 2 0 1 475 740
1 1313 1 1 1386
2 1387 2 0 1 474 739
1 1313 1 1 1387
1 1388 0 0
1 1389 0 0
1 1390 0 0
2 1391 2 0 1 577 763
1 1313 1 1 1391
2 1392 2 0 1 576 770
1 1313 1 1 1392
2 1393 2 0 1 581 693
1 1313 1 1 1393
2 1394 2 0 1 582 692
1 1313 1 1 1394
2 1395 2 0 1 583 694
1 1313 1 1 1395
2 1396 2 0 1 584 690
1 1313 1 1 1396
2 1397 2 0 1 585 689
1 1313 1 1 1397
2 1398 2 0 1 586 691
1 1313 1 1 1398
2 1399 2 0 1 578 696
1 1313 1 1 1399
2 1400 2 0 1 579 695
1 1313 1 1 1400
2 1401 2 0 1 580 697
1 1313 1 1 1401
2 1402 2 0 1 588 764
1 1313 1 1 1402
2 1403 2 0 1 587 768
1 1313 1 1 1403
2 1404 2 0 1 592 702
1 1313 1 1 1404
2 1405 2 0 1 593 701
1 1313 1 1 1405
2 1406 2 0 1 594 703
1 1313 1 1 1406
2 1407 2 0 1 595 699
1 1313 1 1 1407
2 1408 2 0 1 596 698
1 1313 1 1 1408
2 1409 2 0 1 597 700
1 1313 1 1 1409
2 1410 2 0 1 589 705
1 1313 1 1 1410
2 1411 2 0 1 590 704
1 1313 1 1 1411
2 1412 2 0 1 591 706
1 1313 1 1 1412
2 1413 2 0 1 598 765
1 1313 1 1 1413
2 1414 2 0 1 599 766
1 1313 1 1 1414
2 1415 2 0 1 600 714
1 1313 1 1 1415
2 1416 2 0 1 601 713
1 1313 1 1 1416
2 1417 2 0 1 602 715
1 1313 1 1 1417
2 1418 2 0 1 603 711
1 1313 1 1 1418
2 1419 2 0 1 604 710
1 1313 1 1 1419
2 1420 2 0 1 605 712
1 1313 1 1 1420
2 1421 2 0 1 606 708
1 1313 1 1 1421
2 1422 2 0 1 607 707
1 1313 1 1 1422
2 1423 2 0 1 608 709
1 1313 1 1 1423
2 1424 2 0 1 648 751
1 1313 1 1 1424
2 1425 2 0 1 649 752
1 1313 1 1 1425
2 1426 2 0 1 650 753
1 1313 1 1 1426
1 1313 1 1 757
1 1313 1 1 758
1 1313 1 1 759
1 1313 1 1 754
1 1313 1 1 755
1 1313 1 1 756
2 1427 2 0 1 645 760
1 1313 1 1 1427
2 1428 2 0 1 646 761
1 1313 1 1 1428
2 1429 2 0 1 647 762
1 1313 1 1 1429
1 1313 2 0 462 508
1 1313 2 0 472 503
1 1313 2 0 482 490
1 1313 2 0 461 523
1 1313 2 0 471 519
1 1313 2 0 481 491
1 1313 2 0 460 537
1 1313 2 0 470 533
1 1313 2 0 480 492
1 1313 2 0 462 552
1 1313 2 0 472 548
1 1313 2 0 482 494
1 1313 2 0 461 552
1 1313 2 0 471 548
1 1313 2 0 481 494
1 1313 2 0 460 552
1 1313 2 0 470 548
1 1313 2 0 480 494
1 1313 2 0 459 508
1 1313 2 0 469 503
1 1313 2 0 479 490
1 1313 2 0 458 523
1 1313 2 0 468 519
1 1313 2 0 478 491
1 1313 2 0 457 537
1 1313 2 0 467 533
1 1313 2 0 477 492
1 1313 2 0 459 552
1 1313 2 0 469 548
1 1313 2 0 479 494
1 1313 2 0 458 552
1 1313 2 0 468 548
1 1313 2 0 478 494
1 1313 2 0 457 552
1 1313 2 0 467 548
1 1313 2 0 477 494
1 1430 2 0 508 550
1 1431 2 0 503 546
1 1432 2 0 490 484
1 1430 2 0 523 562
1 1431 2 0 519 559
1 1432 2 0 491 485
1 1430 2 0 537 573
1 1431 2 0 533 570
1 1432 2 0 492 486
1 1313 2 1 1430 459
1 1313 2 1 1430 458
1 1313 2 1 1430 457
1 1313 2 1 1431 469
1 1313 2 1 1431 468
1 1313 2 1 1431 467
1 1313 2 1 1432 479
1 1313 2 1 1432 478
1 1313 2 1 1432 477
1 1433 2 0 583 580
1 1434 2 0 594 591
1 1435 2 0 602 608
1 1433 2 0 582 579
1 1434 2 0 593 590
1 1435 2 0 601 607
1 1433 2 0 581 578
1 1434 2 0 592 589
1 1435 2 0 600 606
1 1436 2 0 583 580
1 1437 2 0 594 591
1 1438 2 0 602 608
1 1436 2 0 582 579
1 1437 2 0 593 590
1 1438 2 0 601 607
1 1436 2 0 581 578
1 1437 2 0 592 589
1 1438 2 0 600 606
1 1439 2 0 508 550
1 1440 2 0 503 546
1 1441 2 0 490 484
1 1439 2 0 523 562
1 1440 2 0 519 559
1 1441 2 0 491 485
1 1439 2 0 537 573
1 1440 2 0 533 570
1 1441 2 0 492 486
1 1313 2 0 456 552
1 1313 2 0 466 548
1 1313 2 0 476 494
1 1313 2 0 645 552
1 1313 2 0 646 548
1 1313 2 0 647 494
1 1442 2 0 508 550
1 1443 2 0 503 546
1 1444 2 0 490 484
1 1442 2 0 523 562
1 1443 2 0 519 559
1 1444 2 0 491 485
1 1442 2 0 537 573
1 1443 2 0 533 570
1 1444 2 0 492 486
1 1313 2 1 1442 456
1 1313 2 1 1443 466
1 1313 2 1 1444 476
1 1445 2 0 583 580
1 1446 2 0 594 591
1 1447 2 0 602 608
1 1445 2 0 582 579
1 1446 2 0 593 590
1 1447 2 0 601 607
1 1445 2 0 581 578
1 1446 2 0 592 589
1 1447 2 0 600 606
1 1448 2 0 583 580
1 1449 2 0 594 591
1 1450 2 0 602 608
1 1448 2 0 582 579
1 1449 2 0 593 590
1 1450 2 0 601 607
1 1448 2 0 581 578
1 1449 2 0 592 589
1 1450 2 0 600 606
1 1451 2 0 508 550
1 1452 2 0 503 546
1 1453 2 0 490 484
1 1451 2 0 523 562
1 1452 2 0 519 559
1 1453 2 0 491 485
1 1451 2 0 537 573
1 1452 2 0 533 570
1 1453 2 0 492 486
1 1313 2 1 1451 645
1 1313 2 1 1452 646
1 1313 2 1 1453 647
1 1313 2 0 455 717
1 1313 2 0 465 718
1 1313 2 0 475 749
1 1313 2 0 454 510
1 1313 2 0 464 505
1 1313 2 0 474 493
1 1313 2 0 648 576
1 1313 2 0 649 587
1 1313 2 0 650 599
1 1313 2 0 454 717
1 1313 2 0 464 718
1 1313 2 0 474 749
1 1313 2 0 648 763
1 1313 2 0 649 764
1 1313 2 0 650 765
1 1454 2 0 508 507
1 1455 2 0 503 502
1 1456 2 0 490 487
1 1454 2 0 523 522
1 1455 2 0 519 518
1 1456 2 0 491 488
1 1454 2 0 537 536
1 1455 2 0 533 532
1 1456 2 0 492 489
1 1313 2 1 1454 454
1 1313 2 1 1455 464
1 1313 2 1 1456 474
1 1457 2 0 583 586
1 1458 2 0 594 597
1 1459 2 0 602 605
1 1457 2 0 582 585
1 1458 2 0 593 596
1 1459 2 0 601 604
1 1457 2 0 581 584
1 1458 2 0 592 595
1 1459 2 0 600 603
1 1460 2 0 583 586
1 1461 2 0 594 597
1 1462 2 0 602 605
1 1460 2 0 582 585
1 1461 2 0 593 596
1 1462 2 0 601 604
1 1460 2 0 581 584
1 1461 2 0 592 595
1 1462 2 0 600 603
1 1313 2 1 1460 648
1 1313 2 1 1461 649
1 1313 2 1 1462 650
1 1463 2 0 508 507
1 1464 2 0 503 502
1 1465 2 0 490 487
1 1463 2 0 523 522
1 1464 2 0 519 518
1 1465 2 0 491 488
1 1463 2 0 537 536
1 1464 2 0 533 532
1 1465 2 0 492 489
1 1313 2 0 463 456
1 1313 2 0 473 466
1 1313 2 0 483 476
1 1313 2 0 463 454
1 1313 2 0 473 464
1 1313 2 0 483 474
1 1466 0 0
1 1467 1 0 469
1 1467 1 0 468
1 1467 1 0 467
1 1313 1 1 492
1 1313 1 1 488
1 1313 1 1 484
1 1313 1 1 498
1 1 1 0 1313
1 1 2 0 650 753
1 1 2 0 649 752
1 1 2 0 648 751
1 1 2 0 647 762
1 1 2 0 646 761
1 1 2 0 645 760
1 1 2 0 608 709
1 1 2 0 607 707
1 1 2 0 606 708
1 1 2 0 605 712
1 1 2 0 604 710
1 1 2 0 603 711
1 1 2 0 602 715
1 1 2 0 601 713
1 1 2 0 600 714
1 1 2 0 599 766
1 1 2 0 598 765
1 1 2 0 597 700
1 1 2 0 596 698
1 1 2 0 595 699
1 1 2 0 594 703
1 1 2 0 593 701
1 1 2 0 592 702
1 1 2 0 591 706
1 1 2 0 590 704
1 1 2 0 589 705
1 1 2 0 588 764
1 1 2 0 587 768
1 1 2 0 586 691
1 1 2 0 585 689
1 1 2 0 584 690
1 1 2 0 583 694
1 1 2 0 582 692
1 1 2 0 581 693
1 1 2 0 580 697
1 1 2 0 579 695
1 1 2 0 578 696
1 1 2 0 577 763
1 1 2 0 576 770
1 1 2 0 505 767
1 1 2 0 510 769
1 1 2 0 498 771
1 1 2 0 548 718
1 1 2 0 552 717
1 1 2 0 542 716
1 1 2 0 570 671
1 1 2 0 573 680
1 1 2 0 565 653
1 1 2 0 559 670
1 1 2 0 562 679
1 1 2 0 554 652
1 1 2 0 546 669
1 1 2 0 550 678
1 1 2 0 540 651
1 1 2 0 537 686
1 1 2 0 533 677
1 1 2 0 527 659
1 1 2 0 523 685
1 1 2 0 519 676
1 1 2 0 513 658
1 1 2 0 508 684
1 1 2 0 503 675
1 1 2 0 496 657
1 1 2 0 536 683
1 1 2 0 532 674
1 1 2 0 526 656
1 1 2 0 522 682
1 1 2 0 518 673
1 1 2 0 512 655
1 1 2 0 507 681
1 1 2 0 502 672
1 1 2 0 495 654
1 1 2 0 494 749
1 1 2 0 493 750
1 1 2 0 492 668
1 1 2 0 491 667
1 1 2 0 490 666
1 1 2 0 489 665
1 1 2 0 488 664
1 1 2 0 487 663
1 1 2 0 486 662
1 1 2 0 485 661
1 1 2 0 484 660
1 1 2 0 483 748
1 1 2 0 482 747
1 1 2 0 481 746
1 1 2 0 480 745
1 1 2 0 479 744
1 1 2 0 478 743
1 1 2 0 477 742
1 1 2 0 476 741
1 1 2 0 475 740
1 1 2 0 474 739
1 1 2 0 473 738
1 1 2 0 472 737
1 1 2 0 471 736
1 1 2 0 470 735
1 1 2 0 469 734
1 1 2 0 468 733
1 1 2 0 467 732
1 1 2 0 466 731
1 1 2 0 465 730
1 1 2 0 464 729
1 1 2 0 463 728
1 1 2 0 462 727
1 1 2 0 461 726
1 1 2 0 460 725
1 1 2 0 459 724
1 1 2 0 458 723
1 1 2 0 457 722
1 1 2 0 456 721
1 1 2 0 455 720
1 1 2 0 454 719
0
1388 sort(thing)
1389 sort(location)
452 seqnumber(0)
453 seqnumber(1)
1390 firstactionof(climbOn,climbgrasp)
689 -h(eql(loc(bananas),l2),2,1)
690 -h(eql(loc(bananas),l1),2,1)
691 -h(eql(loc(bananas),l3),2,1)
692 -h(eql(loc(monkey),l2),2,1)
693 -h(eql(loc(monkey),l1),2,1)
694 -h(eql(loc(monkey),l3),2,1)
695 -h(eql(loc(box),l2),2,1)
696 -h(eql(loc(box),l1),2,1)
697 -h(eql(loc(box),l3),2,1)
698 -h(eql(loc(bananas),l2),1,1)
699 -h(eql(loc(bananas),l1),1,1)
700 -h(eql(loc(bananas),l3),1,1)
701 -h(eql(loc(monkey),l2),1,1)
702 -h(eql(loc(monkey),l1),1,1)
703 -h(eql(loc(monkey),l3),1,1)
704 -h(eql(loc(box),l2),1,1)
705 -h(eql(loc(box),l1),1,1)
706 -h(eql(loc(box),l3),1,1)
707 -h(eql(loc(box),l2),0,1)
708 -h(eql(loc(box),l1),0,1)
709 -h(eql(loc(box),l3),0,1)
710 -h(eql(loc(bananas),l2),0,1)
711 -h(eql(loc(bananas),l1),0,1)
712 -h(eql(loc(bananas),l3),0,1)
713 -h(eql(loc(monkey),l2),0,1)
714 -h(eql(loc(monkey),l1),0,1)
715 -h(eql(loc(monkey),l3),0,1)
751 -h(eql(graspBananas,true),2,1)
752 -h(eql(graspBananas,true),1,1)
753 -h(eql(graspBananas,true),0,1)
754 -h(eql(graspBananas,true),2,0)
755 -h(eql(graspBananas,true),1,0)
756 -h(eql(graspBananas,true),0,0)
757 -h(eql(climbOn,true),2,1)
758 -h(eql(climbOn,true),1,1)
759 -h(eql(climbOn,true),0,1)
760 -h(eql(climbOn,true),2,0)
761 -h(eql(climbOn,true),1,0)
762 -h(eql(climbOn,true),0,0)
763 -h(eql(onBox,true),2,1)
764 -h(eql(onBox,true),1,1)
765 -h(eql(onBox,true),0,1)
766 -h(eql(hasBananas,true),0,1)
768 -h(eql(hasBananas,true),1,1)
770 -h(eql(hasBananas,true),2,1)
651 -h(eql(loc(box),l3),3)
652 -h(eql(loc(box),l2),3)
653 -h(eql(loc(box),l1),3)
654 -h(eql(loc(bananas),l3),3)
655 -h(eql(loc(bananas),l2),3)
656 -h(eql(loc(bananas),l1),3)
657 -h(eql(loc(monkey),l3),3)
658 -h(eql(loc(monkey),l2),3)
659 -h(eql(loc(monkey),l1),3)
660 -h(eql(loc(box),l3),0)
661 -h(eql(loc(box),l2),0)
662 -h(eql(loc(box),l1),0)
663 -h(eql(loc(bananas),l3),0)
664 -h(eql(loc(bananas),l2),0)
665 -h(eql(loc(bananas),l1),0)
666 -h(eql(loc(monkey),l3),0)
667 -h(eql(loc(monkey),l2),0)
668 -h(eql(loc(monkey),l1),0)
669 -h(eql(loc(box),l3),1)
670 -h(eql(loc(box),l2),1)
671 -h(eql(loc(box),l1),1)
672 -h(eql(loc(bananas),l3),1)
673 -h(eql(loc(bananas),l2),1)
674 -h(eql(loc(bananas),l1),1)
675 -h(eql(loc(monkey),l3),1)
676 -h(eql(loc(monkey),l2),1)
677 -h(eql(loc(monkey),l1),1)
678 -h(eql(loc(box),l3),2)
679 -h(eql(loc(box),l2),2)
680 -h(eql(loc(box),l1),2)
681 -h(eql(loc(bananas),l3),2)
682 -h(eql(loc(bananas),l2),2)
683 -h(eql(loc(bananas),l1),2)
684 -h(eql(loc(monkey),l3),2)
685 -h(eql(loc(monkey),l2),2)
686 -h(eql(loc(monkey),l1),2)
716 -h(eql(onBox,true),3)
717 -h(eql(onBox,true),2)
718 -h(eql(onBox,true),1)
719 -h(eql(graspBananas,true),2)
720 -h(eql(climbOff,true),2)
721 -h(eql(climbOn,true),2)
722 -h(eql(pushBox(l1),true),2)
723 -h(eql(pushBox(l2),true),2)
724 -h(eql(pushBox(l3),true),2)
725 -h(eql(walk(l1),true),2)
726 -h(eql(walk(l2),true),2)
727 -h(eql(walk(l3),true),2)
728 -h(eql(climbgrasp,true),2)
729 -h(eql(graspBananas,true),1)
730 -h(eql(climbOff,true),1)
731 -h(eql(climbOn,true),1)
732 -h(eql(pushBox(l1),true),1)
733 -h(eql(pushBox(l2),true),1)
734 -h(eql(pushBox(l3),true),1)
735 -h(eql(walk(l1),true),1)
736 -h(eql(walk(l2),true),1)
737 -h(eql(walk(l3),true),1)
738 -h(eql(climbgrasp,true),1)
739 -h(eql(graspBananas,true),0)
740 -h(eql(climbOff,true),0)
741 -h(eql(climbOn,true),0)
742 -h(eql(pushBox(l1),true),0)
743 -h(eql(pushBox(l2),true),0)
744 -h(eql(pushBox(l3),true),0)
745 -h(eql(walk(l1),true),0)
746 -h(eql(walk(l2),true),0)
747 -h(eql(walk(l3),true),0)
748 -h(eql(climbgrasp,true),0)
749 -h(eql(onBox,true),0)
750 -h(eql(hasBananas,true),0)
767 -h(eql(hasBananas,true),1)
769 -h(eql(hasBananas,true),2)
771 -h(eql(hasBananas,true),3)
61 exogenousAction(climbgrasp)
62 exogenousAction(walk(l3))
63 exogenousAction(walk(l2))
64 exogenousAction(walk(l1))
65 exogenousAction(pushBox(l3))
66 exogenousAction(pushBox(l2))
67 exogenousAction(pushBox(l1))
68 exogenousAction(climbOn)
69 exogenousAction(climbOff)
70 exogenousAction(graspBananas)
1313 false
50 fluent(loc(box))
51 fluent(loc(bananas))
52 fluent(loc(monkey))
53 fluent(hasBananas)
54 fluent(onBox)
40 inertialFluent(loc(box))
41 inertialFluent(loc(bananas))
42 inertialFluent(loc(monkey))
43 inertialFluent(hasBananas)
44 inertialFluent(onBox)
12 location(l1)
13 location(l2)
14 location(l3)
447 maxseqnumber(1)
1466 query_label(2)
6 constant_sort(loc(box),location)
7 constant_sort(loc(bananas),location)
8 constant_sort(loc(monkey),location)
9 constant_sort(hasBananas,boolean)
10 constant_sort(onBox,boolean)
11 constant_sort(climbgrasp,boolean)
15 constant_sort(walk(l3),boolean)
16 constant_sort(walk(l2),boolean)
17 constant_sort(walk(l1),boolean)
18 constant_sort(pushBox(l3),boolean)
19 constant_sort(pushBox(l2),boolean)
20 constant_sort(pushBox(l1),boolean)
21 constant_sort(climbOn,boolean)
22 constant_sort(climbOff,boolean)
23 constant_sort(graspBananas,boolean)
687 inmacroAction(climbOn)
688 inmacroAction(graspBananas)
454 h(eql(graspBananas,true),2)
455 h(eql(climbOff,true),2)
456 h(eql(climbOn,true),2)
457 h(eql(pushBox(l1),true),2)
458 h(eql(pushBox(l2),true),2)
459 h(eql(pushBox(l3),true),2)
460 h(eql(walk(l1),true),2)
461 h(eql(walk(l2),true),2)
462 h(eql(walk(l3),true),2)
463 h(eql(climbgrasp,true),2)
464 h(eql(graspBananas,true),1)
465 h(eql(climbOff,true),1)
466 h(eql(climbOn,true),1)
467 h(eql(pushBox(l1),true),1)
468 h(eql(pushBox(l2),true),1)
469 h(eql(pushBox(l3),true),1)
470 h(eql(walk(l1),true),1)
471 h(eql(walk(l2),true),1)
472 h(eql(walk(l3),true),1)
473 h(eql(climbgrasp,true),1)
474 h(eql(graspBananas,true),0)
475 h(eql(climbOff,true),0)
476 h(eql(climbOn,true),0)
477 h(eql(pushBox(l1),true),0)
478 h(eql(pushBox(l2),true),0)
479 h(eql(pushBox(l3),true),0)
480 h(eql(walk(l1),true),0)
481 h(eql(walk(l2),true),0)
482 h(eql(walk(l3),true),0)
483 h(eql(climbgrasp,true),0)
484 h(eql(loc(box),l3),0)
485 h(eql(loc(box),l2),0)
486 h(eql(loc(box),l1),0)
487 h(eql(loc(bananas),l3),0)
488 h(eql(loc(bananas),l2),0)
489 h(eql(loc(bananas),l1),0)
490 h(eql(loc(monkey),l3),0)
491 h(eql(loc(monkey),l2),0)
492 h(eql(loc(monkey),l1),0)
493 h(eql(hasBananas,true),0)
494 h(eql(onBox,true),0)
495 h(eql(loc(bananas),l3),3)
496 h(eql(loc(monkey),l3),3)
498 h(eql(hasBananas,true),3)
502 h(eql(loc(bananas),l3),1)
503 h(eql(loc(monkey),l3),1)
505 h(eql(hasBananas,true),1)
507 h(eql(loc(bananas),l3),2)
508 h(eql(loc(monkey),l3),2)
510 h(eql(hasBananas,true),2)
512 h(eql(loc(bananas),l2),3)
513 h(eql(loc(monkey),l2),3)
518 h(eql(loc(bananas),l2),1)
519 h(eql(loc(monkey),l2),1)
522 h(eql(loc(bananas),l2),2)
523 h(eql(loc(monkey),l2),2)
526 h(eql(loc(bananas),l1),3)
527 h(eql(loc(monkey),l1),3)
532 h(eql(loc(bananas),l1),1)
533 h(eql(loc(monkey),l1),1)
536 h(eql(loc(bananas),l1),2)
537 h(eql(loc(monkey),l1),2)
540 h(eql(loc(box),l3),3)
542 h(eql(onBox,true),3)
546 h(eql(loc(box),l3),1)
548 h(eql(onBox,true),1)
550 h(eql(loc(box),l3),2)
552 h(eql(onBox,true),2)
554 h(eql(loc(box),l2),3)
559 h(eql(loc(box),l2),1)
562 h(eql(loc(box),l2),2)
565 h(eql(loc(box),l1),3)
570 h(eql(loc(box),l1),1)
573 h(eql(loc(box),l1),2)
60 macroAction(climbgrasp)
3 thing(monkey)
4 thing(bananas)
5 thing(box)
772 noconcurrency
576 h(eql(hasBananas,true),2,1)
577 h(eql(onBox,true),2,1)
578 h(eql(loc(box),l1),2,1)
579 h(eql(loc(box),l2),2,1)
580 h(eql(loc(box),l3),2,1)
581 h(eql(loc(monkey),l1),2,1)
582 h(eql(loc(monkey),l2),2,1)
583 h(eql(loc(monkey),l3),2,1)
584 h(eql(loc(bananas),l1),2,1)
585 h(eql(loc(bananas),l2),2,1)
586 h(eql(loc(bananas),l3),2,1)
587 h(eql(hasBananas,true),1,1)
588 h(eql(onBox,true),1,1)
589 h(eql(loc(box),l1),1,1)
590 h(eql(loc(box),l2),1,1)
591 h(eql(loc(box),l3),1,1)
592 h(eql(loc(monkey),l1),1,1)
593 h(eql(loc(monkey),l2),1,1)
594 h(eql(loc(monkey),l3),1,1)
595 h(eql(loc(bananas),l1),1,1)
596 h(eql(loc(bananas),l2),1,1)
597 h(eql(loc(bananas),l3),1,1)
598 h(eql(onBox,true),0,1)
599 h(eql(hasBananas,true),0,1)
600 h(eql(loc(monkey),l1),0,1)
601 h(eql(loc(monkey),l2),0,1)
602 h(eql(loc(monkey),l3),0,1)
603 h(eql(loc(bananas),l1),0,1)
604 h(eql(loc(bananas),l2),0,1)
605 h(eql(loc(bananas),l3),0,1)
606 h(eql(loc(box),l1),0,1)
607 h(eql(loc(box),l2),0,1)
608 h(eql(loc(box),l3),0,1)
645 h(eql(climbOn,true),2,0)
646 h(eql(climbOn,true),1,0)
647 h(eql(climbOn,true),0,0)
648 h(eql(graspBananas,true),2,1)
649 h(eql(graspBananas,true),1,1)
650 h(eql(graspBananas,true),0,1)
446 inseqnumber(1)
448 index(climbgrasp,climbOn,0)
449 index(climbgrasp,graspBananas,1)
445 has_any_macroaction
45 simpleFluent(onBox)
46 simpleFluent(hasBananas)
47 simpleFluent(loc(monkey))
48 simpleFluent(loc(bananas))
49 simpleFluent(loc(box))
450 indexnumber(0)
451 indexnumber(1)
71 action(graspBananas)
72 action(climbOff)
73 action(climbOn)
74 action(pushBox(l1))
75 action(pushBox(l2))
76 action(pushBox(l3))
77 action(walk(l1))
78 action(walk(l2))
79 action(walk(l3))
80 action(climbgrasp)
0
B+
0
B-
1
0
1
