#base .
#domain boolean(V_boolean).
#domain step(V_step).
#domain astep(V_astep).
#domain constant(V_constant).
#domain rigid(V_rigid).
#domain fluent(V_fluent).
#domain simpleFluent(V_simpleFluent).
#domain inertialFluent(V_inertialFluent).
#domain sdFluent(V_sdFluent).
#domain action(V_action).
#domain exogenousAction(V_exogenousAction).
#domain abAction(V_abAction).
#domain attribute(V_attribute).
#domain atomicFormula(V_atomicFormula).
#domain fluentAtomicFormula(V_fluentAtomicFormula).
#domain simpleFluentAtomicFormula(V_simpleFluentAtomicFormula).
#domain inertialFluentAtomicFormula(V_inertialFluentAtomicFormula).
#domain sdFluentAtomicFormula(V_sdFluentAtomicFormula).
#domain rigidAtomicFormula(V_rigidAtomicFormula).
#domain actionAtomicFormula(V_actionAtomicFormula).
#domain exogenousActionAtomicFormula(V_exogenousActionAtomicFormula).
#domain abActionAtomicFormula(V_abActionAtomicFormula).
#domain attributeAtomicFormula(V_attributeAtomicFormula).
#hide sort(step).
#hide sort(astep).
#hide sort(boolean).
#hide step/1.
#hide astep/1.
#hide boolean/1.
#hide sort(constant).
#hide sort(fluent).
#hide sort(action).
#hide sort(abAction).
#hide sort(attribute).
#hide sort(exogenousAction).
#hide sort(inertialFluent).
#hide sort(rigid).
#hide sort(sdFluent).
#hide sort(simpleFluent).
#hide constant/1.
#hide sort_object/2.
#hide constant_object/2.
#hide sort(atomicFormula).
#hide sort(actionAtomicFormula).
#hide sort(fluentAtomicFormula).
#hide sort(abActionAtomicFormula).
#hide sort(attributeAtomicFormula).
#hide sort(exogenousActionAtomicFormula).
#hide sort(inertialFluentAtomicFormula).
#hide sort(rigidAtomicFormula).
#hide sort(simpleFluentAtomicFormula).
#hide sort(sdFluentAtomicFormula).
#hide atomicFormula/1.
#hide actionAtomicFormula/1.
#hide fluentAtomicFormula/1.
#hide abActionAtomicFormula/1.
#hide attributeAtomicFormula/1.
#hide exogenousActionAtomicFormula/1.
#hide inertialFluentAtomicFormula/1.
#hide rigidAtomicFormula/1.
#hide sdFluentAtomicFormula/1.
#hide simpleFluentAtomicFormula/1.
#domain macroAction(V_maction).
#domain seqnumber(V_seqno).
#domain inseqnumber(V_inseq).
#domain maxseqnumber(K_star).
#domain indexnumber(V_index).
#domain inmacroAction(V_maction_subaction_1).
#domain thing(V_thing).
#domain location(V_location).
#domain location(L).
#hide _new_pred_1(V_astep).
#hide _new_pred_2(V_astep,V_inseq).
#hide _new_pred_3(V_astep,K_star).
#hide _new_pred_4(V_astep).
#hide _new_pred_5(V_astep).
#hide _new_pred_6(V_astep,V_inseq).
#hide _new_pred_7(V_astep,K_star).
#hide _new_pred_8(V_astep).
#hide _new_pred_9(V_astep).
#hide _new_pred_10(V_astep,V_inseq).
#hide _new_pred_11(V_astep,K_star).
#hide _new_pred_12(V_astep).
#domain location(_NV_1).
#domain location(_NV_2).
#hide _new_pred_13.
#hide true.
constant_object(V_constant,Object) :- constant_sort(V_constant,V_sort),sort_object(V_sort,Object).
sort(boolean) :- true.
sort_object(boolean,V_boolean) :- true.
boolean(true) :- true.
sort(constant) :- true.
sort_object(constant,V_constant) :- true.
sort(rigid) :- true.
sort_object(rigid,V_rigid) :- true.
sort(fluent) :- true.
sort_object(fluent,V_fluent) :- true.
sort(simpleFluent) :- true.
sort_object(simpleFluent,V_simpleFluent) :- true.
sort(inertialFluent) :- true.
sort_object(inertialFluent,V_inertialFluent) :- true.
sort(sdFluent) :- true.
sort_object(sdFluent,V_sdFluent) :- true.
sort(action) :- true.
sort_object(action,V_action) :- true.
sort(exogenousAction) :- true.
sort_object(exogenousAction,V_exogenousAction) :- true.
sort(abAction) :- true.
sort_object(abAction,V_abAction) :- true.
sort(attribute) :- true.
sort_object(attribute,V_attribute) :- true.
constant(V_fluent) :- true.
constant(V_action) :- true.
constant(V_rigid) :- true.
fluent(V_simpleFluent) :- true.
simpleFluent(V_inertialFluent) :- true.
fluent(V_sdFluent) :- true.
action(V_exogenousAction) :- true.
action(V_abAction) :- true.
action(V_attribute) :- true.
sort(atomicFormula) :- true.
sort_object(atomicFormula,V_atomicFormula) :- true.
sort(fluentAtomicFormula) :- true.
sort_object(fluentAtomicFormula,V_fluentAtomicFormula) :- true.
sort(simpleFluentAtomicFormula) :- true.
sort_object(simpleFluentAtomicFormula,V_simpleFluentAtomicFormula) :- true.
sort(inertialFluentAtomicFormula) :- true.
sort_object(inertialFluentAtomicFormula,V_inertialFluentAtomicFormula) :- true.
sort(sdFluentAtomicFormula) :- true.
sort_object(sdFluentAtomicFormula,V_sdFluentAtomicFormula) :- true.
sort(rigidAtomicFormula) :- true.
sort_object(rigidAtomicFormula,V_rigidAtomicFormula) :- true.
sort(actionAtomicFormula) :- true.
sort_object(actionAtomicFormula,V_actionAtomicFormula) :- true.
sort(exogenousActionAtomicFormula) :- true.
sort_object(exogenousActionAtomicFormula,V_exogenousActionAtomicFormula) :- true.
sort(abActionAtomicFormula) :- true.
sort_object(abActionAtomicFormula,V_abActionAtomicFormula) :- true.
sort(attributeAtomicFormula) :- true.
sort_object(attributeAtomicFormula,V_attributeAtomicFormula) :- true.
fluentAtomicFormula(V_simpleFluentAtomicFormula) :- true.
simpleFluentAtomicFormula(V_inertialFluentAtomicFormula) :- true.
fluentAtomicFormula(V_sdFluentAtomicFormula) :- true.
actionAtomicFormula(V_exogenousActionAtomicFormula) :- true.
actionAtomicFormula(V_abActionAtomicFormula) :- true.
actionAtomicFormula(V_attributeAtomicFormula) :- true.
atomicFormula(h(V_rigidAtomicFormula)) :- true.
rigidAtomicFormula(eql(V_rigid,Object)) :- constant_object(V_rigid,Object).
simpleFluentAtomicFormula(eql(V_simpleFluent,Object)) :- constant_object(V_simpleFluent,Object).
inertialFluentAtomicFormula(eql(V_inertialFluent,Object)) :- constant_object(V_inertialFluent,Object).
sdFluentAtomicFormula(eql(V_sdFluent,Object)) :- constant_object(V_sdFluent,Object).
actionAtomicFormula(eql(V_action,Object)) :- constant_object(V_action,Object).
exogenousActionAtomicFormula(eql(V_exogenousAction,Object)) :- constant_object(V_exogenousAction,Object).
abActionAtomicFormula(eql(V_abAction,Object)) :- constant_object(V_abAction,Object).
attributeAtomicFormula(eql(V_attribute,Object)) :- constant_object(V_attribute,Object).
{h(V_simpleFluentAtomicFormula,0)} :- true.
{-h(eql(V_simpleFluent,true),0)} :- constant_sort(V_simpleFluent,boolean).
{h(eql(V_rigid,Value))} :- exogenous(V_rigid),constant_object(V_rigid,Value).
{-h(eql(V_rigid,true))} :- exogenous(V_rigid),constant_sort(V_rigid,boolean).
-h(eql(V_rigid,Object1)) :- h(eql(V_rigid,Object)),constant_object(V_rigid,Object),constant_object(V_rigid,Object1),Object!=Object1,not constant_sort(V_rigid,boolean).
false :- {h(V_rigidAtomicFormula),-h(V_rigidAtomicFormula)}0.
has_any_macroaction :- macroAction(V_macroaction).
exogenousAction(V_maction) :- true.
sort_object(exogenousAction,V_maction) :- true.
mactionnocon(X,Z) :- noncon(X,Y),firstactionof(Y,Z).
mactionnocon(X,Z) :- noncon(Y,X),firstactionof(Y,Z).
sort(thing) :- true.
sort_object(thing,V_thing) :- true.
sort(location) :- true.
sort_object(location,V_location) :- true.
thing(monkey) :- true.
thing(bananas) :- true.
thing(box) :- true.
location(l1) :- true.
location(l2) :- true.
location(l3) :- true.
inertialFluent(loc(V_thing)) :- true.
constant_sort(loc(V_thing),location) :- true.
inertialFluent(hasBananas) :- true.
constant_sort(hasBananas,boolean) :- true.
inertialFluent(onBox) :- true.
constant_sort(onBox,boolean) :- true.
exogenousAction(walk(V_location)) :- true.
constant_sort(walk(V_location),boolean) :- true.
exogenousAction(pushBox(V_location)) :- true.
constant_sort(pushBox(V_location),boolean) :- true.
exogenousAction(climbOn) :- true.
constant_sort(climbOn,boolean) :- true.
exogenousAction(climbOff) :- true.
constant_sort(climbOff,boolean) :- true.
exogenousAction(graspBananas) :- true.
constant_sort(graspBananas,boolean) :- true.
noncon(walk(L),pushBox(L)) :- true.
noconof(walk(L)) :- true.
noconof(pushBox(L)) :- true.
noncon(walk(L),climbOn) :- true.
noconof(walk(L)) :- true.
noconof(climbOn) :- true.
noncon(pushBox(L),climbOn) :- true.
noconof(pushBox(L)) :- true.
noconof(climbOn) :- true.
noncon(climbOff,graspBananas) :- true.
noconof(climbOff) :- true.
noconof(graspBananas) :- true.
_new_pred_13 :- h(eql(pushBox(L),true),1).
true.
:- false.
sort_object(step,0) :- true.
atomicFormula(h(V_fluentAtomicFormula,0)) :- true.
{h(eql(V_fluent,Value),0)} :- exogenous(V_fluent),constant_object(V_fluent,Value).
{-h(eql(V_fluent,true),0)} :- exogenous(V_fluent),constant_sort(V_fluent,boolean).
-h(eql(V_fluent,Object1),0) :- h(eql(V_fluent,Object),0),constant_object(V_fluent,Object),constant_object(V_fluent,Object1),Object!=Object1,not constant_sort(V_fluent,boolean).
false :- {h(V_fluentAtomicFormula,0),-h(V_fluentAtomicFormula,0)}0.
h(eql(loc(bananas),L),0) :- {not h(eql(loc(monkey),L),0)}0,{not h(eql(hasBananas,true),0)}0,true.
h(eql(loc(monkey),L),0) :- {not h(eql(loc(box),L),0)}0,{not h(eql(onBox,true),0)}0,true.
#cumulative t.
sort_object(step,t) :- true.
sort_object(astep,t-1) :- true.
step(t-1) :- true.
atomicFormula(h(V_fluentAtomicFormula,t)) :- true.
atomicFormula(h(V_actionAtomicFormula,t-1)) :- true.
{h(V_exogenousActionAtomicFormula,t-1)} :- true.
{-h(eql(V_exogenousAction,true),t-1)} :- constant_sort(V_exogenousAction,boolean).
{-h(eql(V_abAction,true),t-1)} :- true.
{h(V_attributeAtomicFormula,t-1)} :- true.
:- {not h(eql(V_attribute,none),t-1)}0,action_attribute(V_action,V_attribute),not -h(eql(V_action,true),t-1).
:- {not -h(eql(V_action,true),t-1)}0,action_attribute(V_action,V_attribute),not h(eql(V_attribute,none),t-1).
{h(V_inertialFluentAtomicFormula,t)} :- h(V_inertialFluentAtomicFormula,t-1),not has_any_macroaction.
{-h(eql(V_inertialFluent,true),t)} :- -h(eql(V_inertialFluent,true),t-1),constant_sort(V_inertialFluent,boolean),not has_any_macroaction.
{h(eql(V_action,Value),t-1)} :- exogenous(V_action),constant_object(V_action,Value).
{-h(eql(V_action,true),t-1)} :- exogenous(V_action),constant_sort(V_action,boolean).
{h(eql(V_fluent,Value),t)} :- exogenous(V_fluent),constant_object(V_fluent,Value).
{-h(eql(V_fluent,true),t)} :- exogenous(V_fluent),constant_sort(V_fluent,boolean).
{h(eql(V_fluent,Value),t)} :- inertial(V_fluent),h(eql(V_fluent,Value),t-1),constant_object(V_fluent,Value),not has_any_macroaction.
{-h(eql(V_fluent,true),t)} :- inertial(V_fluent),-h(eql(V_fluent,true),t-1),constant_sort(V_fluent,boolean),not has_any_macroaction.
:- {not h(eql(V_action_1,true),t-1)}0,{not h(eql(V_action,true),t-1)}0,noconcurrency,action(V_action_1),V_action!=V_action_1.
-h(eql(V_fluent,Object1),t) :- h(eql(V_fluent,Object),t),constant_object(V_fluent,Object),constant_object(V_fluent,Object1),Object!=Object1,not constant_sort(V_fluent,boolean).
-h(eql(V_action,Object1),t-1) :- h(eql(V_action,Object),t-1),constant_object(V_action,Object),constant_object(V_action,Object1),Object!=Object1,not constant_sort(V_action,boolean).
:- {h(V_fluentAtomicFormula,t),-h(V_fluentAtomicFormula,t)}0.
:- {h(V_actionAtomicFormula,t-1),-h(V_actionAtomicFormula,t-1)}0.
:- mactionnocon(X,Z),h(eql(X,true),t-1),h(eql(Z,true),t-1).
{-h(eql(V_maction_subaction_1,true),t-1,V_seqno)} :- true.
{h(V_inertialFluentAtomicFormula,t-1,V_inseq+1)} :- h(V_inertialFluentAtomicFormula,t-1,V_inseq),V_inseq<K_star,has_any_macroaction.
{-h(eql(V_inertialFluent,true),t-1,V_inseq+1)} :- -h(eql(V_inertialFluent,true),t-1,V_inseq),constant_sort(V_inertialFluent,boolean),V_inseq<K_star,has_any_macroaction.
{h(V_inertialFluentAtomicFormula,t-1,1)} :- h(V_inertialFluentAtomicFormula,t-1),has_any_macroaction.
{-h(eql(V_inertialFluent,true),t-1,1)} :- -h(eql(V_inertialFluent,true),t-1),constant_sort(V_inertialFluent,boolean),has_any_macroaction.
{h(V_inertialFluentAtomicFormula,t)} :- h(V_inertialFluentAtomicFormula,t-1,K_star),has_any_macroaction.
{-h(eql(V_inertialFluent,true),t)} :- -h(eql(V_inertialFluent,true),t-1,K_star),constant_sort(V_inertialFluent,boolean),has_any_macroaction.
:- h(eql(V_maction,true),t-1),h(eql(V_maction1,true),t-1),macroAction(V_maction1),V_maction!=V_maction1.
{h(eql(V_fluent,Value),t-1,V_inseq)} :- exogenous(V_fluent),constant_object(V_fluent,Value).
{-h(eql(V_fluent,true),t-1,V_inseq)} :- exogenous(V_fluent),constant_sort(V_fluent,boolean).
{h(eql(V_fluent,Value),t-1,V_inseq+1)} :- inertial(V_fluent),h(eql(V_fluent,Value),t-1,V_inseq),constant_object(V_fluent,Value),V_inseq<K_star,has_any_macroaction.
{-h(eql(V_fluent,true),t-1,V_inseq+1)} :- inertial(V_fluent),-h(eql(V_fluent,true),t-1,V_inseq),constant_sort(V_fluent,boolean),V_inseq<K_star,has_any_macroaction.
{h(eql(V_fluent,Value),t-1,1)} :- inertial(V_fluent),h(eql(V_fluent,Value),t-1),constant_object(V_fluent,Value),has_any_macroaction.
{-h(eql(V_fluent,true),t-1,1)} :- inertial(V_fluent),-h(eql(V_fluent,true),t-1),constant_sort(V_fluent,boolean),has_any_macroaction.
{h(eql(V_fluent,Value),t)} :- inertial(V_fluent),h(eql(V_fluent,Value),t-1,K_star),constant_object(V_fluent,Value),has_any_macroaction.
{-h(eql(V_fluent,true),t)} :- inertial(V_fluent),-h(eql(V_fluent,true),t-1,K_star),constant_sort(V_fluent,boolean),has_any_macroaction.
:- {h(V_fluentAtomicFormula,t-1,V_inseq),-h(V_fluentAtomicFormula,t-1,V_inseq)}0.
:- {h(eql(V_maction_subaction_1,true),t-1,V_seqno),-h(eql(V_maction_subaction_1,true),t-1,V_seqno)}0.
-h(eql(V_fluent,Object1),t-1,V_inseq) :- h(eql(V_fluent,Object),t-1,V_inseq),constant_object(V_fluent,Object),constant_object(V_fluent,Object1),Object!=Object1,not constant_sort(V_fluent,boolean).
h(eql(loc(bananas),L),t) :- {not h(eql(loc(monkey),L),t)}0,{not h(eql(hasBananas,true),t)}0,true.
h(eql(loc(bananas),L),t-1,V_inseq) :- {not h(eql(loc(monkey),L),t-1,V_inseq)}0,{not h(eql(hasBananas,true),t-1,V_inseq)}0,true.
h(eql(loc(monkey),L),t) :- {not h(eql(loc(box),L),t)}0,{not h(eql(onBox,true),t)}0,true.
h(eql(loc(monkey),L),t-1,V_inseq) :- {not h(eql(loc(box),L),t-1,V_inseq)}0,{not h(eql(onBox,true),t-1,V_inseq)}0,true.
h(eql(loc(monkey),L),t) :- h(eql(walk(L),true),t-1).
h(eql(loc(monkey),L),t-1,V_inseq+1) :- h(eql(walk(L),true),t-1,V_inseq),V_inseq<K_star.
h(eql(loc(monkey),L),t) :- h(eql(walk(L),true),t-1,K_star).
h(eql(loc(monkey),L),t-1,1) :- h(eql(walk(L),true),t-1,0).
:- h(eql(walk(L),true),t-1),h(eql(loc(monkey),L),t-1).
:- h(eql(walk(L),true),t-1,V_inseq),h(eql(loc(monkey),L),t-1,V_inseq),V_inseq<K_star.
:- h(eql(walk(L),true),t-1,K_star),h(eql(loc(monkey),L),t-1,K_star).
:- h(eql(walk(L),true),t-1,0),h(eql(loc(monkey),L),t-1).
:- h(eql(walk(L),true),t-1),h(eql(onBox,true),t-1).
:- h(eql(walk(L),true),t-1,V_inseq),h(eql(onBox,true),t-1,V_inseq),V_inseq<K_star.
:- h(eql(walk(L),true),t-1,K_star),h(eql(onBox,true),t-1,K_star).
:- h(eql(walk(L),true),t-1,0),h(eql(onBox,true),t-1).
h(eql(loc(box),L),t) :- h(eql(pushBox(L),true),t-1).
h(eql(loc(box),L),t-1,V_inseq+1) :- h(eql(pushBox(L),true),t-1,V_inseq),V_inseq<K_star.
h(eql(loc(box),L),t) :- h(eql(pushBox(L),true),t-1,K_star).
h(eql(loc(box),L),t-1,1) :- h(eql(pushBox(L),true),t-1,0).
h(eql(loc(monkey),L),t) :- h(eql(pushBox(L),true),t-1).
h(eql(loc(monkey),L),t-1,V_inseq+1) :- h(eql(pushBox(L),true),t-1,V_inseq),V_inseq<K_star.
h(eql(loc(monkey),L),t) :- h(eql(pushBox(L),true),t-1,K_star).
h(eql(loc(monkey),L),t-1,1) :- h(eql(pushBox(L),true),t-1,0).
:- h(eql(pushBox(L),true),t-1),h(eql(loc(monkey),L),t-1).
:- h(eql(pushBox(L),true),t-1,V_inseq),h(eql(loc(monkey),L),t-1,V_inseq),V_inseq<K_star.
:- h(eql(pushBox(L),true),t-1,K_star),h(eql(loc(monkey),L),t-1,K_star).
:- h(eql(pushBox(L),true),t-1,0),h(eql(loc(monkey),L),t-1).
:- h(eql(pushBox(L),true),t-1),h(eql(onBox,true),t-1).
:- h(eql(pushBox(L),true),t-1,V_inseq),h(eql(onBox,true),t-1,V_inseq),V_inseq<K_star.
:- h(eql(pushBox(L),true),t-1,K_star),h(eql(onBox,true),t-1,K_star).
:- h(eql(pushBox(L),true),t-1,0),h(eql(onBox,true),t-1).
:- h(eql(pushBox(L),true),t-1),not _new_pred_1(t-1).
:- h(eql(pushBox(L),true),t-1,V_inseq),not _new_pred_2(t-1,V_inseq),V_inseq<K_star.
:- h(eql(pushBox(L),true),t-1,K_star),not _new_pred_3(t-1,K_star).
:- h(eql(pushBox(L),true),t-1,0),not _new_pred_4(t-1).
h(eql(onBox,true),t) :- h(eql(climbOn,true),t-1).
h(eql(onBox,true),t-1,V_inseq+1) :- h(eql(climbOn,true),t-1,V_inseq),V_inseq<K_star.
h(eql(onBox,true),t) :- h(eql(climbOn,true),t-1,K_star).
h(eql(onBox,true),t-1,1) :- h(eql(climbOn,true),t-1,0).
:- h(eql(climbOn,true),t-1),h(eql(onBox,true),t-1).
:- h(eql(climbOn,true),t-1,V_inseq),h(eql(onBox,true),t-1,V_inseq),V_inseq<K_star.
:- h(eql(climbOn,true),t-1,K_star),h(eql(onBox,true),t-1,K_star).
:- h(eql(climbOn,true),t-1,0),h(eql(onBox,true),t-1).
:- h(eql(climbOn,true),t-1),not _new_pred_5(t-1).
:- h(eql(climbOn,true),t-1,V_inseq),not _new_pred_6(t-1,V_inseq),V_inseq<K_star.
:- h(eql(climbOn,true),t-1,K_star),not _new_pred_7(t-1,K_star).
:- h(eql(climbOn,true),t-1,0),not _new_pred_8(t-1).
-h(eql(onBox,true),t) :- h(eql(climbOff,true),t-1).
-h(eql(onBox,true),t-1,V_inseq+1) :- h(eql(climbOff,true),t-1,V_inseq),V_inseq<K_star.
-h(eql(onBox,true),t) :- h(eql(climbOff,true),t-1,K_star).
-h(eql(onBox,true),t-1,1) :- h(eql(climbOff,true),t-1,0).
:- h(eql(climbOff,true),t-1),-h(eql(onBox,true),t-1).
:- h(eql(climbOff,true),t-1,V_inseq),-h(eql(onBox,true),t-1,V_inseq),V_inseq<K_star.
:- h(eql(climbOff,true),t-1,K_star),-h(eql(onBox,true),t-1,K_star).
:- h(eql(climbOff,true),t-1,0),-h(eql(onBox,true),t-1).
h(eql(hasBananas,true),t) :- h(eql(graspBananas,true),t-1).
h(eql(hasBananas,true),t-1,V_inseq+1) :- h(eql(graspBananas,true),t-1,V_inseq),V_inseq<K_star.
h(eql(hasBananas,true),t) :- h(eql(graspBananas,true),t-1,K_star).
h(eql(hasBananas,true),t-1,1) :- h(eql(graspBananas,true),t-1,0).
:- h(eql(graspBananas,true),t-1),h(eql(hasBananas,true),t-1).
:- h(eql(graspBananas,true),t-1,V_inseq),h(eql(hasBananas,true),t-1,V_inseq),V_inseq<K_star.
:- h(eql(graspBananas,true),t-1,K_star),h(eql(hasBananas,true),t-1,K_star).
:- h(eql(graspBananas,true),t-1,0),h(eql(hasBananas,true),t-1).
:- h(eql(graspBananas,true),t-1),-h(eql(onBox,true),t-1).
:- h(eql(graspBananas,true),t-1,V_inseq),-h(eql(onBox,true),t-1,V_inseq),V_inseq<K_star.
:- h(eql(graspBananas,true),t-1,K_star),-h(eql(onBox,true),t-1,K_star).
:- h(eql(graspBananas,true),t-1,0),-h(eql(onBox,true),t-1).
:- h(eql(graspBananas,true),t-1),not _new_pred_9(t-1).
:- h(eql(graspBananas,true),t-1,V_inseq),not _new_pred_10(t-1,V_inseq),V_inseq<K_star.
:- h(eql(graspBananas,true),t-1,K_star),not _new_pred_11(t-1,K_star).
:- h(eql(graspBananas,true),t-1,0),not _new_pred_12(t-1).
:- h(eql(walk(L),true),t-1),h(eql(pushBox(L),true),t-1).
:- h(eql(walk(L),true),t-1),h(eql(climbOn,true),t-1).
:- h(eql(pushBox(L),true),t-1),h(eql(climbOn,true),t-1).
:- h(eql(climbOff,true),t-1),h(eql(graspBananas,true),t-1).
_new_pred_1(t-1) :- h(eql(loc(monkey),V_location),t-1),h(eql(loc(box),V_location),t-1).
_new_pred_2(t-1,V_inseq) :- h(eql(loc(monkey),V_location),t-1,V_inseq),h(eql(loc(box),V_location),t-1,V_inseq).
_new_pred_3(t-1,K_star) :- h(eql(loc(monkey),V_location),t-1,K_star),h(eql(loc(box),V_location),t-1,K_star).
_new_pred_4(t-1) :- h(eql(loc(monkey),V_location),t-1),h(eql(loc(box),V_location),t-1).
_new_pred_5(t-1) :- h(eql(loc(monkey),V_location),t-1),h(eql(loc(box),V_location),t-1).
_new_pred_6(t-1,V_inseq) :- h(eql(loc(monkey),V_location),t-1,V_inseq),h(eql(loc(box),V_location),t-1,V_inseq).
_new_pred_7(t-1,K_star) :- h(eql(loc(monkey),V_location),t-1,K_star),h(eql(loc(box),V_location),t-1,K_star).
_new_pred_8(t-1) :- h(eql(loc(monkey),V_location),t-1),h(eql(loc(box),V_location),t-1).
_new_pred_9(t-1) :- h(eql(loc(monkey),V_location),t-1),h(eql(loc(bananas),V_location),t-1).
_new_pred_10(t-1,V_inseq) :- h(eql(loc(monkey),V_location),t-1,V_inseq),h(eql(loc(bananas),V_location),t-1,V_inseq).
_new_pred_11(t-1,K_star) :- h(eql(loc(monkey),V_location),t-1,K_star),h(eql(loc(bananas),V_location),t-1,K_star).
_new_pred_12(t-1) :- h(eql(loc(monkey),V_location),t-1),h(eql(loc(bananas),V_location),t-1).
#volatile t.
query_label(query) :- true.
:- not h(eql(loc(monkey),l1),0).
:- not h(eql(loc(bananas),l2),0).
:- not h(eql(loc(box),l3),0).
:- not h(eql(walk(l3),true),0).
:- not h(eql(pushBox(l2),true),1).
:- {not h(eql(loc(box),_NV_2),2)}0,{not h(eql(loc(bananas),_NV_2),2)}0,{not h(eql(loc(bananas),_NV_1),2)}0,{not h(eql(loc(monkey),_NV_1),2)}0.
:- not h(eql(walk(l3),true),0).
:- not _new_pred_13.
:- not -h(eql(loc(box),l3),0).
:- not h(eql(loc(monkey),l1),0).
:- not h(eql(loc(bananas),l2),0).
:- not h(eql(loc(box),l3),0).
:- not h(eql(hasBananas,true),t).
:- not h(eql(loc(monkey),l1),0).
:- not h(eql(loc(bananas),l2),0).
:- not h(eql(loc(box),l3),0).
:- not h(eql(hasBananas,true),t).
